[2019-06-19 14:48:25] local.ERROR: Argument 2 passed to Lcobucci\JWT\Signer\Hmac::createHash() must be an instance of Lcobucci\JWT\Signer\Key, null given, called in E:\IT\B302 Projects\cva-website-api\vendor\lcobucci\jwt\src\Signer\BaseSigner.php on line 34 {"exception":"[object] (Symfony\\Component\\Debug\\Exception\\FatalThrowableError(code: 0): Argument 2 passed to Lcobucci\\JWT\\Signer\\Hmac::createHash() must be an instance of Lcobucci\\JWT\\Signer\\Key, null given, called in E:\\IT\\B302 Projects\\cva-website-api\\vendor\\lcobucci\\jwt\\src\\Signer\\BaseSigner.php on line 34 at E:\\IT\\B302 Projects\\cva-website-api\\vendor\\lcobucci\\jwt\\src\\Signer\\Hmac.php:21)
[stacktrace]
#0 E:\\IT\\B302 Projects\\cva-website-api\\vendor\\lcobucci\\jwt\\src\\Signer\\BaseSigner.php(34): Lcobucci\\JWT\\Signer\\Hmac->createHash('eyJ0eXAiOiJKV1Q...', NULL)
#1 E:\\IT\\B302 Projects\\cva-website-api\\vendor\\lcobucci\\jwt\\src\\Builder.php(241): Lcobucci\\JWT\\Signer\\BaseSigner->sign('eyJ0eXAiOiJKV1Q...', NULL)
#2 E:\\IT\\B302 Projects\\cva-website-api\\vendor\\tymon\\jwt-auth\\src\\Providers\\JWT\\Lcobucci.php(111): Lcobucci\\JWT\\Builder->sign(Object(Lcobucci\\JWT\\Signer\\Hmac\\Sha256), NULL)
#3 E:\\IT\\B302 Projects\\cva-website-api\\vendor\\tymon\\jwt-auth\\src\\Manager.php(84): Tymon\\JWTAuth\\Providers\\JWT\\Lcobucci->encode(Array)
#4 E:\\IT\\B302 Projects\\cva-website-api\\vendor\\tymon\\jwt-auth\\src\\JWT.php(78): Tymon\\JWTAuth\\Manager->encode(Object(Tymon\\JWTAuth\\Payload))
#5 E:\\IT\\B302 Projects\\cva-website-api\\vendor\\tymon\\jwt-auth\\src\\JWT.php(90): Tymon\\JWTAuth\\JWT->fromSubject(Object(App\\User))
#6 E:\\IT\\B302 Projects\\cva-website-api\\vendor\\tymon\\jwt-auth\\src\\JWTGuard.php(142): Tymon\\JWTAuth\\JWT->fromUser(Object(App\\User))
#7 E:\\IT\\B302 Projects\\cva-website-api\\vendor\\tymon\\jwt-auth\\src\\JWTGuard.php(127): Tymon\\JWTAuth\\JWTGuard->login(Object(App\\User))
#8 E:\\IT\\B302 Projects\\cva-website-api\\vendor\\laravel\\framework\\src\\Illuminate\\Auth\\AuthManager.php(292): Tymon\\JWTAuth\\JWTGuard->attempt(Array)
#9 E:\\IT\\B302 Projects\\cva-website-api\\app\\Http\\Controllers\\AuthController.php(67): Illuminate\\Auth\\AuthManager->__call('attempt', Array)
#10 [internal function]: App\\Http\\Controllers\\AuthController->login()
#11 E:\\IT\\B302 Projects\\cva-website-api\\vendor\\laravel\\framework\\src\\Illuminate\\Routing\\Controller.php(54): call_user_func_array(Array, Array)
#12 E:\\IT\\B302 Projects\\cva-website-api\\vendor\\laravel\\framework\\src\\Illuminate\\Routing\\ControllerDispatcher.php(45): Illuminate\\Routing\\Controller->callAction('login', Array)
#13 E:\\IT\\B302 Projects\\cva-website-api\\vendor\\laravel\\framework\\src\\Illuminate\\Routing\\Route.php(219): Illuminate\\Routing\\ControllerDispatcher->dispatch(Object(Illuminate\\Routing\\Route), Object(App\\Http\\Controllers\\AuthController), 'login')
#14 E:\\IT\\B302 Projects\\cva-website-api\\vendor\\laravel\\framework\\src\\Illuminate\\Routing\\Route.php(176): Illuminate\\Routing\\Route->runController()
#15 E:\\IT\\B302 Projects\\cva-website-api\\vendor\\laravel\\framework\\src\\Illuminate\\Routing\\Router.php(682): Illuminate\\Routing\\Route->run()
#16 E:\\IT\\B302 Projects\\cva-website-api\\vendor\\laravel\\framework\\src\\Illuminate\\Routing\\Pipeline.php(30): Illuminate\\Routing\\Router->Illuminate\\Routing\\{closure}(Object(Illuminate\\Http\\Request))
#17 E:\\IT\\B302 Projects\\cva-website-api\\vendor\\laravel\\framework\\src\\Illuminate\\Routing\\Middleware\\SubstituteBindings.php(41): Illuminate\\Routing\\Pipeline->Illuminate\\Routing\\{closure}(Object(Illuminate\\Http\\Request))
#18 E:\\IT\\B302 Projects\\cva-website-api\\vendor\\laravel\\framework\\src\\Illuminate\\Pipeline\\Pipeline.php(151): Illuminate\\Routing\\Middleware\\SubstituteBindings->handle(Object(Illuminate\\Http\\Request), Object(Closure))
#19 E:\\IT\\B302 Projects\\cva-website-api\\vendor\\laravel\\framework\\src\\Illuminate\\Routing\\Pipeline.php(53): Illuminate\\Pipeline\\Pipeline->Illuminate\\Pipeline\\{closure}(Object(Illuminate\\Http\\Request))
#20 E:\\IT\\B302 Projects\\cva-website-api\\vendor\\laravel\\framework\\src\\Illuminate\\Routing\\Middleware\\ThrottleRequests.php(58): Illuminate\\Routing\\Pipeline->Illuminate\\Routing\\{closure}(Object(Illuminate\\Http\\Request))
#21 E:\\IT\\B302 Projects\\cva-website-api\\vendor\\laravel\\framework\\src\\Illuminate\\Pipeline\\Pipeline.php(151): Illuminate\\Routing\\Middleware\\ThrottleRequests->handle(Object(Illuminate\\Http\\Request), Object(Closure), 60, '1')
#22 E:\\IT\\B302 Projects\\cva-website-api\\vendor\\laravel\\framework\\src\\Illuminate\\Routing\\Pipeline.php(53): Illuminate\\Pipeline\\Pipeline->Illuminate\\Pipeline\\{closure}(Object(Illuminate\\Http\\Request))
#23 E:\\IT\\B302 Projects\\cva-website-api\\vendor\\laravel\\framework\\src\\Illuminate\\Pipeline\\Pipeline.php(104): Illuminate\\Routing\\Pipeline->Illuminate\\Routing\\{closure}(Object(Illuminate\\Http\\Request))
#24 E:\\IT\\B302 Projects\\cva-website-api\\vendor\\laravel\\framework\\src\\Illuminate\\Routing\\Router.php(684): Illuminate\\Pipeline\\Pipeline->then(Object(Closure))
#25 E:\\IT\\B302 Projects\\cva-website-api\\vendor\\laravel\\framework\\src\\Illuminate\\Routing\\Router.php(659): Illuminate\\Routing\\Router->runRouteWithinStack(Object(Illuminate\\Routing\\Route), Object(Illuminate\\Http\\Request))
#26 E:\\IT\\B302 Projects\\cva-website-api\\vendor\\laravel\\framework\\src\\Illuminate\\Routing\\Router.php(625): Illuminate\\Routing\\Router->runRoute(Object(Illuminate\\Http\\Request), Object(Illuminate\\Routing\\Route))
#27 E:\\IT\\B302 Projects\\cva-website-api\\vendor\\laravel\\framework\\src\\Illuminate\\Routing\\Router.php(614): Illuminate\\Routing\\Router->dispatchToRoute(Object(Illuminate\\Http\\Request))
#28 E:\\IT\\B302 Projects\\cva-website-api\\vendor\\laravel\\framework\\src\\Illuminate\\Foundation\\Http\\Kernel.php(176): Illuminate\\Routing\\Router->dispatch(Object(Illuminate\\Http\\Request))
#29 E:\\IT\\B302 Projects\\cva-website-api\\vendor\\laravel\\framework\\src\\Illuminate\\Routing\\Pipeline.php(30): Illuminate\\Foundation\\Http\\Kernel->Illuminate\\Foundation\\Http\\{closure}(Object(Illuminate\\Http\\Request))
#30 E:\\IT\\B302 Projects\\cva-website-api\\vendor\\barryvdh\\laravel-cors\\src\\HandleCors.php(58): Illuminate\\Routing\\Pipeline->Illuminate\\Routing\\{closure}(Object(Illuminate\\Http\\Request))
#31 E:\\IT\\B302 Projects\\cva-website-api\\vendor\\laravel\\framework\\src\\Illuminate\\Pipeline\\Pipeline.php(151): Barryvdh\\Cors\\HandleCors->handle(Object(Illuminate\\Http\\Request), Object(Closure))
#32 E:\\IT\\B302 Projects\\cva-website-api\\vendor\\laravel\\framework\\src\\Illuminate\\Routing\\Pipeline.php(53): Illuminate\\Pipeline\\Pipeline->Illuminate\\Pipeline\\{closure}(Object(Illuminate\\Http\\Request))
#33 E:\\IT\\B302 Projects\\cva-website-api\\vendor\\fideloper\\proxy\\src\\TrustProxies.php(57): Illuminate\\Routing\\Pipeline->Illuminate\\Routing\\{closure}(Object(Illuminate\\Http\\Request))
#34 E:\\IT\\B302 Projects\\cva-website-api\\vendor\\laravel\\framework\\src\\Illuminate\\Pipeline\\Pipeline.php(151): Fideloper\\Proxy\\TrustProxies->handle(Object(Illuminate\\Http\\Request), Object(Closure))
#35 E:\\IT\\B302 Projects\\cva-website-api\\vendor\\laravel\\framework\\src\\Illuminate\\Routing\\Pipeline.php(53): Illuminate\\Pipeline\\Pipeline->Illuminate\\Pipeline\\{closure}(Object(Illuminate\\Http\\Request))
#36 E:\\IT\\B302 Projects\\cva-website-api\\vendor\\laravel\\framework\\src\\Illuminate\\Foundation\\Http\\Middleware\\TransformsRequest.php(31): Illuminate\\Routing\\Pipeline->Illuminate\\Routing\\{closure}(Object(Illuminate\\Http\\Request))
#37 E:\\IT\\B302 Projects\\cva-website-api\\vendor\\laravel\\framework\\src\\Illuminate\\Pipeline\\Pipeline.php(151): Illuminate\\Foundation\\Http\\Middleware\\TransformsRequest->handle(Object(Illuminate\\Http\\Request), Object(Closure))
#38 E:\\IT\\B302 Projects\\cva-website-api\\vendor\\laravel\\framework\\src\\Illuminate\\Routing\\Pipeline.php(53): Illuminate\\Pipeline\\Pipeline->Illuminate\\Pipeline\\{closure}(Object(Illuminate\\Http\\Request))
#39 E:\\IT\\B302 Projects\\cva-website-api\\vendor\\laravel\\framework\\src\\Illuminate\\Foundation\\Http\\Middleware\\TransformsRequest.php(31): Illuminate\\Routing\\Pipeline->Illuminate\\Routing\\{closure}(Object(Illuminate\\Http\\Request))
#40 E:\\IT\\B302 Projects\\cva-website-api\\vendor\\laravel\\framework\\src\\Illuminate\\Pipeline\\Pipeline.php(151): Illuminate\\Foundation\\Http\\Middleware\\TransformsRequest->handle(Object(Illuminate\\Http\\Request), Object(Closure))
#41 E:\\IT\\B302 Projects\\cva-website-api\\vendor\\laravel\\framework\\src\\Illuminate\\Routing\\Pipeline.php(53): Illuminate\\Pipeline\\Pipeline->Illuminate\\Pipeline\\{closure}(Object(Illuminate\\Http\\Request))
#42 E:\\IT\\B302 Projects\\cva-website-api\\vendor\\laravel\\framework\\src\\Illuminate\\Foundation\\Http\\Middleware\\ValidatePostSize.php(27): Illuminate\\Routing\\Pipeline->Illuminate\\Routing\\{closure}(Object(Illuminate\\Http\\Request))
#43 E:\\IT\\B302 Projects\\cva-website-api\\vendor\\laravel\\framework\\src\\Illuminate\\Pipeline\\Pipeline.php(151): Illuminate\\Foundation\\Http\\Middleware\\ValidatePostSize->handle(Object(Illuminate\\Http\\Request), Object(Closure))
#44 E:\\IT\\B302 Projects\\cva-website-api\\vendor\\laravel\\framework\\src\\Illuminate\\Routing\\Pipeline.php(53): Illuminate\\Pipeline\\Pipeline->Illuminate\\Pipeline\\{closure}(Object(Illuminate\\Http\\Request))
#45 E:\\IT\\B302 Projects\\cva-website-api\\vendor\\laravel\\framework\\src\\Illuminate\\Foundation\\Http\\Middleware\\CheckForMaintenanceMode.php(62): Illuminate\\Routing\\Pipeline->Illuminate\\Routing\\{closure}(Object(Illuminate\\Http\\Request))
#46 E:\\IT\\B302 Projects\\cva-website-api\\vendor\\laravel\\framework\\src\\Illuminate\\Pipeline\\Pipeline.php(151): Illuminate\\Foundation\\Http\\Middleware\\CheckForMaintenanceMode->handle(Object(Illuminate\\Http\\Request), Object(Closure))
#47 E:\\IT\\B302 Projects\\cva-website-api\\vendor\\laravel\\framework\\src\\Illuminate\\Routing\\Pipeline.php(53): Illuminate\\Pipeline\\Pipeline->Illuminate\\Pipeline\\{closure}(Object(Illuminate\\Http\\Request))
#48 E:\\IT\\B302 Projects\\cva-website-api\\vendor\\laravel\\framework\\src\\Illuminate\\Pipeline\\Pipeline.php(104): Illuminate\\Routing\\Pipeline->Illuminate\\Routing\\{closure}(Object(Illuminate\\Http\\Request))
#49 E:\\IT\\B302 Projects\\cva-website-api\\vendor\\laravel\\framework\\src\\Illuminate\\Foundation\\Http\\Kernel.php(151): Illuminate\\Pipeline\\Pipeline->then(Object(Closure))
#50 E:\\IT\\B302 Projects\\cva-website-api\\vendor\\laravel\\framework\\src\\Illuminate\\Foundation\\Http\\Kernel.php(116): Illuminate\\Foundation\\Http\\Kernel->sendRequestThroughRouter(Object(Illuminate\\Http\\Request))
#51 E:\\IT\\B302 Projects\\cva-website-api\\public\\index.php(55): Illuminate\\Foundation\\Http\\Kernel->handle(Object(Illuminate\\Http\\Request))
#52 E:\\IT\\B302 Projects\\cva-website-api\\server.php(21): require_once('E:\\\\IT\\\\B302 Proj...')
#53 {main}
"} 
[2019-06-19 14:48:28] local.ERROR: Argument 2 passed to Lcobucci\JWT\Signer\Hmac::createHash() must be an instance of Lcobucci\JWT\Signer\Key, null given, called in E:\IT\B302 Projects\cva-website-api\vendor\lcobucci\jwt\src\Signer\BaseSigner.php on line 34 {"exception":"[object] (Symfony\\Component\\Debug\\Exception\\FatalThrowableError(code: 0): Argument 2 passed to Lcobucci\\JWT\\Signer\\Hmac::createHash() must be an instance of Lcobucci\\JWT\\Signer\\Key, null given, called in E:\\IT\\B302 Projects\\cva-website-api\\vendor\\lcobucci\\jwt\\src\\Signer\\BaseSigner.php on line 34 at E:\\IT\\B302 Projects\\cva-website-api\\vendor\\lcobucci\\jwt\\src\\Signer\\Hmac.php:21)
[stacktrace]
#0 E:\\IT\\B302 Projects\\cva-website-api\\vendor\\lcobucci\\jwt\\src\\Signer\\BaseSigner.php(34): Lcobucci\\JWT\\Signer\\Hmac->createHash('eyJ0eXAiOiJKV1Q...', NULL)
#1 E:\\IT\\B302 Projects\\cva-website-api\\vendor\\lcobucci\\jwt\\src\\Builder.php(241): Lcobucci\\JWT\\Signer\\BaseSigner->sign('eyJ0eXAiOiJKV1Q...', NULL)
#2 E:\\IT\\B302 Projects\\cva-website-api\\vendor\\tymon\\jwt-auth\\src\\Providers\\JWT\\Lcobucci.php(111): Lcobucci\\JWT\\Builder->sign(Object(Lcobucci\\JWT\\Signer\\Hmac\\Sha256), NULL)
#3 E:\\IT\\B302 Projects\\cva-website-api\\vendor\\tymon\\jwt-auth\\src\\Manager.php(84): Tymon\\JWTAuth\\Providers\\JWT\\Lcobucci->encode(Array)
#4 E:\\IT\\B302 Projects\\cva-website-api\\vendor\\tymon\\jwt-auth\\src\\JWT.php(78): Tymon\\JWTAuth\\Manager->encode(Object(Tymon\\JWTAuth\\Payload))
#5 E:\\IT\\B302 Projects\\cva-website-api\\vendor\\tymon\\jwt-auth\\src\\JWT.php(90): Tymon\\JWTAuth\\JWT->fromSubject(Object(App\\User))
#6 E:\\IT\\B302 Projects\\cva-website-api\\vendor\\tymon\\jwt-auth\\src\\JWTGuard.php(142): Tymon\\JWTAuth\\JWT->fromUser(Object(App\\User))
#7 E:\\IT\\B302 Projects\\cva-website-api\\vendor\\tymon\\jwt-auth\\src\\JWTGuard.php(127): Tymon\\JWTAuth\\JWTGuard->login(Object(App\\User))
#8 E:\\IT\\B302 Projects\\cva-website-api\\vendor\\laravel\\framework\\src\\Illuminate\\Auth\\AuthManager.php(292): Tymon\\JWTAuth\\JWTGuard->attempt(Array)
#9 E:\\IT\\B302 Projects\\cva-website-api\\app\\Http\\Controllers\\AuthController.php(67): Illuminate\\Auth\\AuthManager->__call('attempt', Array)
#10 [internal function]: App\\Http\\Controllers\\AuthController->login()
#11 E:\\IT\\B302 Projects\\cva-website-api\\vendor\\laravel\\framework\\src\\Illuminate\\Routing\\Controller.php(54): call_user_func_array(Array, Array)
#12 E:\\IT\\B302 Projects\\cva-website-api\\vendor\\laravel\\framework\\src\\Illuminate\\Routing\\ControllerDispatcher.php(45): Illuminate\\Routing\\Controller->callAction('login', Array)
#13 E:\\IT\\B302 Projects\\cva-website-api\\vendor\\laravel\\framework\\src\\Illuminate\\Routing\\Route.php(219): Illuminate\\Routing\\ControllerDispatcher->dispatch(Object(Illuminate\\Routing\\Route), Object(App\\Http\\Controllers\\AuthController), 'login')
#14 E:\\IT\\B302 Projects\\cva-website-api\\vendor\\laravel\\framework\\src\\Illuminate\\Routing\\Route.php(176): Illuminate\\Routing\\Route->runController()
#15 E:\\IT\\B302 Projects\\cva-website-api\\vendor\\laravel\\framework\\src\\Illuminate\\Routing\\Router.php(682): Illuminate\\Routing\\Route->run()
#16 E:\\IT\\B302 Projects\\cva-website-api\\vendor\\laravel\\framework\\src\\Illuminate\\Routing\\Pipeline.php(30): Illuminate\\Routing\\Router->Illuminate\\Routing\\{closure}(Object(Illuminate\\Http\\Request))
#17 E:\\IT\\B302 Projects\\cva-website-api\\vendor\\laravel\\framework\\src\\Illuminate\\Routing\\Middleware\\SubstituteBindings.php(41): Illuminate\\Routing\\Pipeline->Illuminate\\Routing\\{closure}(Object(Illuminate\\Http\\Request))
#18 E:\\IT\\B302 Projects\\cva-website-api\\vendor\\laravel\\framework\\src\\Illuminate\\Pipeline\\Pipeline.php(151): Illuminate\\Routing\\Middleware\\SubstituteBindings->handle(Object(Illuminate\\Http\\Request), Object(Closure))
#19 E:\\IT\\B302 Projects\\cva-website-api\\vendor\\laravel\\framework\\src\\Illuminate\\Routing\\Pipeline.php(53): Illuminate\\Pipeline\\Pipeline->Illuminate\\Pipeline\\{closure}(Object(Illuminate\\Http\\Request))
#20 E:\\IT\\B302 Projects\\cva-website-api\\vendor\\laravel\\framework\\src\\Illuminate\\Routing\\Middleware\\ThrottleRequests.php(58): Illuminate\\Routing\\Pipeline->Illuminate\\Routing\\{closure}(Object(Illuminate\\Http\\Request))
#21 E:\\IT\\B302 Projects\\cva-website-api\\vendor\\laravel\\framework\\src\\Illuminate\\Pipeline\\Pipeline.php(151): Illuminate\\Routing\\Middleware\\ThrottleRequests->handle(Object(Illuminate\\Http\\Request), Object(Closure), 60, '1')
#22 E:\\IT\\B302 Projects\\cva-website-api\\vendor\\laravel\\framework\\src\\Illuminate\\Routing\\Pipeline.php(53): Illuminate\\Pipeline\\Pipeline->Illuminate\\Pipeline\\{closure}(Object(Illuminate\\Http\\Request))
#23 E:\\IT\\B302 Projects\\cva-website-api\\vendor\\laravel\\framework\\src\\Illuminate\\Pipeline\\Pipeline.php(104): Illuminate\\Routing\\Pipeline->Illuminate\\Routing\\{closure}(Object(Illuminate\\Http\\Request))
#24 E:\\IT\\B302 Projects\\cva-website-api\\vendor\\laravel\\framework\\src\\Illuminate\\Routing\\Router.php(684): Illuminate\\Pipeline\\Pipeline->then(Object(Closure))
#25 E:\\IT\\B302 Projects\\cva-website-api\\vendor\\laravel\\framework\\src\\Illuminate\\Routing\\Router.php(659): Illuminate\\Routing\\Router->runRouteWithinStack(Object(Illuminate\\Routing\\Route), Object(Illuminate\\Http\\Request))
#26 E:\\IT\\B302 Projects\\cva-website-api\\vendor\\laravel\\framework\\src\\Illuminate\\Routing\\Router.php(625): Illuminate\\Routing\\Router->runRoute(Object(Illuminate\\Http\\Request), Object(Illuminate\\Routing\\Route))
#27 E:\\IT\\B302 Projects\\cva-website-api\\vendor\\laravel\\framework\\src\\Illuminate\\Routing\\Router.php(614): Illuminate\\Routing\\Router->dispatchToRoute(Object(Illuminate\\Http\\Request))
#28 E:\\IT\\B302 Projects\\cva-website-api\\vendor\\laravel\\framework\\src\\Illuminate\\Foundation\\Http\\Kernel.php(176): Illuminate\\Routing\\Router->dispatch(Object(Illuminate\\Http\\Request))
#29 E:\\IT\\B302 Projects\\cva-website-api\\vendor\\laravel\\framework\\src\\Illuminate\\Routing\\Pipeline.php(30): Illuminate\\Foundation\\Http\\Kernel->Illuminate\\Foundation\\Http\\{closure}(Object(Illuminate\\Http\\Request))
#30 E:\\IT\\B302 Projects\\cva-website-api\\vendor\\barryvdh\\laravel-cors\\src\\HandleCors.php(58): Illuminate\\Routing\\Pipeline->Illuminate\\Routing\\{closure}(Object(Illuminate\\Http\\Request))
#31 E:\\IT\\B302 Projects\\cva-website-api\\vendor\\laravel\\framework\\src\\Illuminate\\Pipeline\\Pipeline.php(151): Barryvdh\\Cors\\HandleCors->handle(Object(Illuminate\\Http\\Request), Object(Closure))
#32 E:\\IT\\B302 Projects\\cva-website-api\\vendor\\laravel\\framework\\src\\Illuminate\\Routing\\Pipeline.php(53): Illuminate\\Pipeline\\Pipeline->Illuminate\\Pipeline\\{closure}(Object(Illuminate\\Http\\Request))
#33 E:\\IT\\B302 Projects\\cva-website-api\\vendor\\fideloper\\proxy\\src\\TrustProxies.php(57): Illuminate\\Routing\\Pipeline->Illuminate\\Routing\\{closure}(Object(Illuminate\\Http\\Request))
#34 E:\\IT\\B302 Projects\\cva-website-api\\vendor\\laravel\\framework\\src\\Illuminate\\Pipeline\\Pipeline.php(151): Fideloper\\Proxy\\TrustProxies->handle(Object(Illuminate\\Http\\Request), Object(Closure))
#35 E:\\IT\\B302 Projects\\cva-website-api\\vendor\\laravel\\framework\\src\\Illuminate\\Routing\\Pipeline.php(53): Illuminate\\Pipeline\\Pipeline->Illuminate\\Pipeline\\{closure}(Object(Illuminate\\Http\\Request))
#36 E:\\IT\\B302 Projects\\cva-website-api\\vendor\\laravel\\framework\\src\\Illuminate\\Foundation\\Http\\Middleware\\TransformsRequest.php(31): Illuminate\\Routing\\Pipeline->Illuminate\\Routing\\{closure}(Object(Illuminate\\Http\\Request))
#37 E:\\IT\\B302 Projects\\cva-website-api\\vendor\\laravel\\framework\\src\\Illuminate\\Pipeline\\Pipeline.php(151): Illuminate\\Foundation\\Http\\Middleware\\TransformsRequest->handle(Object(Illuminate\\Http\\Request), Object(Closure))
#38 E:\\IT\\B302 Projects\\cva-website-api\\vendor\\laravel\\framework\\src\\Illuminate\\Routing\\Pipeline.php(53): Illuminate\\Pipeline\\Pipeline->Illuminate\\Pipeline\\{closure}(Object(Illuminate\\Http\\Request))
#39 E:\\IT\\B302 Projects\\cva-website-api\\vendor\\laravel\\framework\\src\\Illuminate\\Foundation\\Http\\Middleware\\TransformsRequest.php(31): Illuminate\\Routing\\Pipeline->Illuminate\\Routing\\{closure}(Object(Illuminate\\Http\\Request))
#40 E:\\IT\\B302 Projects\\cva-website-api\\vendor\\laravel\\framework\\src\\Illuminate\\Pipeline\\Pipeline.php(151): Illuminate\\Foundation\\Http\\Middleware\\TransformsRequest->handle(Object(Illuminate\\Http\\Request), Object(Closure))
#41 E:\\IT\\B302 Projects\\cva-website-api\\vendor\\laravel\\framework\\src\\Illuminate\\Routing\\Pipeline.php(53): Illuminate\\Pipeline\\Pipeline->Illuminate\\Pipeline\\{closure}(Object(Illuminate\\Http\\Request))
#42 E:\\IT\\B302 Projects\\cva-website-api\\vendor\\laravel\\framework\\src\\Illuminate\\Foundation\\Http\\Middleware\\ValidatePostSize.php(27): Illuminate\\Routing\\Pipeline->Illuminate\\Routing\\{closure}(Object(Illuminate\\Http\\Request))
#43 E:\\IT\\B302 Projects\\cva-website-api\\vendor\\laravel\\framework\\src\\Illuminate\\Pipeline\\Pipeline.php(151): Illuminate\\Foundation\\Http\\Middleware\\ValidatePostSize->handle(Object(Illuminate\\Http\\Request), Object(Closure))
#44 E:\\IT\\B302 Projects\\cva-website-api\\vendor\\laravel\\framework\\src\\Illuminate\\Routing\\Pipeline.php(53): Illuminate\\Pipeline\\Pipeline->Illuminate\\Pipeline\\{closure}(Object(Illuminate\\Http\\Request))
#45 E:\\IT\\B302 Projects\\cva-website-api\\vendor\\laravel\\framework\\src\\Illuminate\\Foundation\\Http\\Middleware\\CheckForMaintenanceMode.php(62): Illuminate\\Routing\\Pipeline->Illuminate\\Routing\\{closure}(Object(Illuminate\\Http\\Request))
#46 E:\\IT\\B302 Projects\\cva-website-api\\vendor\\laravel\\framework\\src\\Illuminate\\Pipeline\\Pipeline.php(151): Illuminate\\Foundation\\Http\\Middleware\\CheckForMaintenanceMode->handle(Object(Illuminate\\Http\\Request), Object(Closure))
#47 E:\\IT\\B302 Projects\\cva-website-api\\vendor\\laravel\\framework\\src\\Illuminate\\Routing\\Pipeline.php(53): Illuminate\\Pipeline\\Pipeline->Illuminate\\Pipeline\\{closure}(Object(Illuminate\\Http\\Request))
#48 E:\\IT\\B302 Projects\\cva-website-api\\vendor\\laravel\\framework\\src\\Illuminate\\Pipeline\\Pipeline.php(104): Illuminate\\Routing\\Pipeline->Illuminate\\Routing\\{closure}(Object(Illuminate\\Http\\Request))
#49 E:\\IT\\B302 Projects\\cva-website-api\\vendor\\laravel\\framework\\src\\Illuminate\\Foundation\\Http\\Kernel.php(151): Illuminate\\Pipeline\\Pipeline->then(Object(Closure))
#50 E:\\IT\\B302 Projects\\cva-website-api\\vendor\\laravel\\framework\\src\\Illuminate\\Foundation\\Http\\Kernel.php(116): Illuminate\\Foundation\\Http\\Kernel->sendRequestThroughRouter(Object(Illuminate\\Http\\Request))
#51 E:\\IT\\B302 Projects\\cva-website-api\\public\\index.php(55): Illuminate\\Foundation\\Http\\Kernel->handle(Object(Illuminate\\Http\\Request))
#52 E:\\IT\\B302 Projects\\cva-website-api\\server.php(21): require_once('E:\\\\IT\\\\B302 Proj...')
#53 {main}
"} 
[2019-06-19 14:48:49] local.ERROR: Argument 2 passed to Lcobucci\JWT\Signer\Hmac::createHash() must be an instance of Lcobucci\JWT\Signer\Key, null given, called in E:\IT\B302 Projects\cva-website-api\vendor\lcobucci\jwt\src\Signer\BaseSigner.php on line 34 {"exception":"[object] (Symfony\\Component\\Debug\\Exception\\FatalThrowableError(code: 0): Argument 2 passed to Lcobucci\\JWT\\Signer\\Hmac::createHash() must be an instance of Lcobucci\\JWT\\Signer\\Key, null given, called in E:\\IT\\B302 Projects\\cva-website-api\\vendor\\lcobucci\\jwt\\src\\Signer\\BaseSigner.php on line 34 at E:\\IT\\B302 Projects\\cva-website-api\\vendor\\lcobucci\\jwt\\src\\Signer\\Hmac.php:21)
[stacktrace]
#0 E:\\IT\\B302 Projects\\cva-website-api\\vendor\\lcobucci\\jwt\\src\\Signer\\BaseSigner.php(34): Lcobucci\\JWT\\Signer\\Hmac->createHash('eyJ0eXAiOiJKV1Q...', NULL)
#1 E:\\IT\\B302 Projects\\cva-website-api\\vendor\\lcobucci\\jwt\\src\\Builder.php(241): Lcobucci\\JWT\\Signer\\BaseSigner->sign('eyJ0eXAiOiJKV1Q...', NULL)
#2 E:\\IT\\B302 Projects\\cva-website-api\\vendor\\tymon\\jwt-auth\\src\\Providers\\JWT\\Lcobucci.php(111): Lcobucci\\JWT\\Builder->sign(Object(Lcobucci\\JWT\\Signer\\Hmac\\Sha256), NULL)
#3 E:\\IT\\B302 Projects\\cva-website-api\\vendor\\tymon\\jwt-auth\\src\\Manager.php(84): Tymon\\JWTAuth\\Providers\\JWT\\Lcobucci->encode(Array)
#4 E:\\IT\\B302 Projects\\cva-website-api\\vendor\\tymon\\jwt-auth\\src\\JWT.php(78): Tymon\\JWTAuth\\Manager->encode(Object(Tymon\\JWTAuth\\Payload))
#5 E:\\IT\\B302 Projects\\cva-website-api\\vendor\\tymon\\jwt-auth\\src\\JWT.php(90): Tymon\\JWTAuth\\JWT->fromSubject(Object(App\\User))
#6 E:\\IT\\B302 Projects\\cva-website-api\\vendor\\tymon\\jwt-auth\\src\\JWTGuard.php(142): Tymon\\JWTAuth\\JWT->fromUser(Object(App\\User))
#7 E:\\IT\\B302 Projects\\cva-website-api\\vendor\\tymon\\jwt-auth\\src\\JWTGuard.php(127): Tymon\\JWTAuth\\JWTGuard->login(Object(App\\User))
#8 E:\\IT\\B302 Projects\\cva-website-api\\vendor\\laravel\\framework\\src\\Illuminate\\Auth\\AuthManager.php(292): Tymon\\JWTAuth\\JWTGuard->attempt(Array)
#9 E:\\IT\\B302 Projects\\cva-website-api\\app\\Http\\Controllers\\AuthController.php(67): Illuminate\\Auth\\AuthManager->__call('attempt', Array)
#10 [internal function]: App\\Http\\Controllers\\AuthController->login()
#11 E:\\IT\\B302 Projects\\cva-website-api\\vendor\\laravel\\framework\\src\\Illuminate\\Routing\\Controller.php(54): call_user_func_array(Array, Array)
#12 E:\\IT\\B302 Projects\\cva-website-api\\vendor\\laravel\\framework\\src\\Illuminate\\Routing\\ControllerDispatcher.php(45): Illuminate\\Routing\\Controller->callAction('login', Array)
#13 E:\\IT\\B302 Projects\\cva-website-api\\vendor\\laravel\\framework\\src\\Illuminate\\Routing\\Route.php(219): Illuminate\\Routing\\ControllerDispatcher->dispatch(Object(Illuminate\\Routing\\Route), Object(App\\Http\\Controllers\\AuthController), 'login')
#14 E:\\IT\\B302 Projects\\cva-website-api\\vendor\\laravel\\framework\\src\\Illuminate\\Routing\\Route.php(176): Illuminate\\Routing\\Route->runController()
#15 E:\\IT\\B302 Projects\\cva-website-api\\vendor\\laravel\\framework\\src\\Illuminate\\Routing\\Router.php(682): Illuminate\\Routing\\Route->run()
#16 E:\\IT\\B302 Projects\\cva-website-api\\vendor\\laravel\\framework\\src\\Illuminate\\Routing\\Pipeline.php(30): Illuminate\\Routing\\Router->Illuminate\\Routing\\{closure}(Object(Illuminate\\Http\\Request))
#17 E:\\IT\\B302 Projects\\cva-website-api\\vendor\\laravel\\framework\\src\\Illuminate\\Routing\\Middleware\\SubstituteBindings.php(41): Illuminate\\Routing\\Pipeline->Illuminate\\Routing\\{closure}(Object(Illuminate\\Http\\Request))
#18 E:\\IT\\B302 Projects\\cva-website-api\\vendor\\laravel\\framework\\src\\Illuminate\\Pipeline\\Pipeline.php(151): Illuminate\\Routing\\Middleware\\SubstituteBindings->handle(Object(Illuminate\\Http\\Request), Object(Closure))
#19 E:\\IT\\B302 Projects\\cva-website-api\\vendor\\laravel\\framework\\src\\Illuminate\\Routing\\Pipeline.php(53): Illuminate\\Pipeline\\Pipeline->Illuminate\\Pipeline\\{closure}(Object(Illuminate\\Http\\Request))
#20 E:\\IT\\B302 Projects\\cva-website-api\\vendor\\laravel\\framework\\src\\Illuminate\\Routing\\Middleware\\ThrottleRequests.php(58): Illuminate\\Routing\\Pipeline->Illuminate\\Routing\\{closure}(Object(Illuminate\\Http\\Request))
#21 E:\\IT\\B302 Projects\\cva-website-api\\vendor\\laravel\\framework\\src\\Illuminate\\Pipeline\\Pipeline.php(151): Illuminate\\Routing\\Middleware\\ThrottleRequests->handle(Object(Illuminate\\Http\\Request), Object(Closure), 60, '1')
#22 E:\\IT\\B302 Projects\\cva-website-api\\vendor\\laravel\\framework\\src\\Illuminate\\Routing\\Pipeline.php(53): Illuminate\\Pipeline\\Pipeline->Illuminate\\Pipeline\\{closure}(Object(Illuminate\\Http\\Request))
#23 E:\\IT\\B302 Projects\\cva-website-api\\vendor\\laravel\\framework\\src\\Illuminate\\Pipeline\\Pipeline.php(104): Illuminate\\Routing\\Pipeline->Illuminate\\Routing\\{closure}(Object(Illuminate\\Http\\Request))
#24 E:\\IT\\B302 Projects\\cva-website-api\\vendor\\laravel\\framework\\src\\Illuminate\\Routing\\Router.php(684): Illuminate\\Pipeline\\Pipeline->then(Object(Closure))
#25 E:\\IT\\B302 Projects\\cva-website-api\\vendor\\laravel\\framework\\src\\Illuminate\\Routing\\Router.php(659): Illuminate\\Routing\\Router->runRouteWithinStack(Object(Illuminate\\Routing\\Route), Object(Illuminate\\Http\\Request))
#26 E:\\IT\\B302 Projects\\cva-website-api\\vendor\\laravel\\framework\\src\\Illuminate\\Routing\\Router.php(625): Illuminate\\Routing\\Router->runRoute(Object(Illuminate\\Http\\Request), Object(Illuminate\\Routing\\Route))
#27 E:\\IT\\B302 Projects\\cva-website-api\\vendor\\laravel\\framework\\src\\Illuminate\\Routing\\Router.php(614): Illuminate\\Routing\\Router->dispatchToRoute(Object(Illuminate\\Http\\Request))
#28 E:\\IT\\B302 Projects\\cva-website-api\\vendor\\laravel\\framework\\src\\Illuminate\\Foundation\\Http\\Kernel.php(176): Illuminate\\Routing\\Router->dispatch(Object(Illuminate\\Http\\Request))
#29 E:\\IT\\B302 Projects\\cva-website-api\\vendor\\laravel\\framework\\src\\Illuminate\\Routing\\Pipeline.php(30): Illuminate\\Foundation\\Http\\Kernel->Illuminate\\Foundation\\Http\\{closure}(Object(Illuminate\\Http\\Request))
#30 E:\\IT\\B302 Projects\\cva-website-api\\vendor\\barryvdh\\laravel-cors\\src\\HandleCors.php(58): Illuminate\\Routing\\Pipeline->Illuminate\\Routing\\{closure}(Object(Illuminate\\Http\\Request))
#31 E:\\IT\\B302 Projects\\cva-website-api\\vendor\\laravel\\framework\\src\\Illuminate\\Pipeline\\Pipeline.php(151): Barryvdh\\Cors\\HandleCors->handle(Object(Illuminate\\Http\\Request), Object(Closure))
#32 E:\\IT\\B302 Projects\\cva-website-api\\vendor\\laravel\\framework\\src\\Illuminate\\Routing\\Pipeline.php(53): Illuminate\\Pipeline\\Pipeline->Illuminate\\Pipeline\\{closure}(Object(Illuminate\\Http\\Request))
#33 E:\\IT\\B302 Projects\\cva-website-api\\vendor\\fideloper\\proxy\\src\\TrustProxies.php(57): Illuminate\\Routing\\Pipeline->Illuminate\\Routing\\{closure}(Object(Illuminate\\Http\\Request))
#34 E:\\IT\\B302 Projects\\cva-website-api\\vendor\\laravel\\framework\\src\\Illuminate\\Pipeline\\Pipeline.php(151): Fideloper\\Proxy\\TrustProxies->handle(Object(Illuminate\\Http\\Request), Object(Closure))
#35 E:\\IT\\B302 Projects\\cva-website-api\\vendor\\laravel\\framework\\src\\Illuminate\\Routing\\Pipeline.php(53): Illuminate\\Pipeline\\Pipeline->Illuminate\\Pipeline\\{closure}(Object(Illuminate\\Http\\Request))
#36 E:\\IT\\B302 Projects\\cva-website-api\\vendor\\laravel\\framework\\src\\Illuminate\\Foundation\\Http\\Middleware\\TransformsRequest.php(31): Illuminate\\Routing\\Pipeline->Illuminate\\Routing\\{closure}(Object(Illuminate\\Http\\Request))
#37 E:\\IT\\B302 Projects\\cva-website-api\\vendor\\laravel\\framework\\src\\Illuminate\\Pipeline\\Pipeline.php(151): Illuminate\\Foundation\\Http\\Middleware\\TransformsRequest->handle(Object(Illuminate\\Http\\Request), Object(Closure))
#38 E:\\IT\\B302 Projects\\cva-website-api\\vendor\\laravel\\framework\\src\\Illuminate\\Routing\\Pipeline.php(53): Illuminate\\Pipeline\\Pipeline->Illuminate\\Pipeline\\{closure}(Object(Illuminate\\Http\\Request))
#39 E:\\IT\\B302 Projects\\cva-website-api\\vendor\\laravel\\framework\\src\\Illuminate\\Foundation\\Http\\Middleware\\TransformsRequest.php(31): Illuminate\\Routing\\Pipeline->Illuminate\\Routing\\{closure}(Object(Illuminate\\Http\\Request))
#40 E:\\IT\\B302 Projects\\cva-website-api\\vendor\\laravel\\framework\\src\\Illuminate\\Pipeline\\Pipeline.php(151): Illuminate\\Foundation\\Http\\Middleware\\TransformsRequest->handle(Object(Illuminate\\Http\\Request), Object(Closure))
#41 E:\\IT\\B302 Projects\\cva-website-api\\vendor\\laravel\\framework\\src\\Illuminate\\Routing\\Pipeline.php(53): Illuminate\\Pipeline\\Pipeline->Illuminate\\Pipeline\\{closure}(Object(Illuminate\\Http\\Request))
#42 E:\\IT\\B302 Projects\\cva-website-api\\vendor\\laravel\\framework\\src\\Illuminate\\Foundation\\Http\\Middleware\\ValidatePostSize.php(27): Illuminate\\Routing\\Pipeline->Illuminate\\Routing\\{closure}(Object(Illuminate\\Http\\Request))
#43 E:\\IT\\B302 Projects\\cva-website-api\\vendor\\laravel\\framework\\src\\Illuminate\\Pipeline\\Pipeline.php(151): Illuminate\\Foundation\\Http\\Middleware\\ValidatePostSize->handle(Object(Illuminate\\Http\\Request), Object(Closure))
#44 E:\\IT\\B302 Projects\\cva-website-api\\vendor\\laravel\\framework\\src\\Illuminate\\Routing\\Pipeline.php(53): Illuminate\\Pipeline\\Pipeline->Illuminate\\Pipeline\\{closure}(Object(Illuminate\\Http\\Request))
#45 E:\\IT\\B302 Projects\\cva-website-api\\vendor\\laravel\\framework\\src\\Illuminate\\Foundation\\Http\\Middleware\\CheckForMaintenanceMode.php(62): Illuminate\\Routing\\Pipeline->Illuminate\\Routing\\{closure}(Object(Illuminate\\Http\\Request))
#46 E:\\IT\\B302 Projects\\cva-website-api\\vendor\\laravel\\framework\\src\\Illuminate\\Pipeline\\Pipeline.php(151): Illuminate\\Foundation\\Http\\Middleware\\CheckForMaintenanceMode->handle(Object(Illuminate\\Http\\Request), Object(Closure))
#47 E:\\IT\\B302 Projects\\cva-website-api\\vendor\\laravel\\framework\\src\\Illuminate\\Routing\\Pipeline.php(53): Illuminate\\Pipeline\\Pipeline->Illuminate\\Pipeline\\{closure}(Object(Illuminate\\Http\\Request))
#48 E:\\IT\\B302 Projects\\cva-website-api\\vendor\\laravel\\framework\\src\\Illuminate\\Pipeline\\Pipeline.php(104): Illuminate\\Routing\\Pipeline->Illuminate\\Routing\\{closure}(Object(Illuminate\\Http\\Request))
#49 E:\\IT\\B302 Projects\\cva-website-api\\vendor\\laravel\\framework\\src\\Illuminate\\Foundation\\Http\\Kernel.php(151): Illuminate\\Pipeline\\Pipeline->then(Object(Closure))
#50 E:\\IT\\B302 Projects\\cva-website-api\\vendor\\laravel\\framework\\src\\Illuminate\\Foundation\\Http\\Kernel.php(116): Illuminate\\Foundation\\Http\\Kernel->sendRequestThroughRouter(Object(Illuminate\\Http\\Request))
#51 E:\\IT\\B302 Projects\\cva-website-api\\public\\index.php(55): Illuminate\\Foundation\\Http\\Kernel->handle(Object(Illuminate\\Http\\Request))
#52 E:\\IT\\B302 Projects\\cva-website-api\\server.php(21): require_once('E:\\\\IT\\\\B302 Proj...')
#53 {main}
"} 
[2019-06-19 14:49:20] local.ERROR: Argument 2 passed to Lcobucci\JWT\Signer\Hmac::createHash() must be an instance of Lcobucci\JWT\Signer\Key, null given, called in E:\IT\B302 Projects\cva-website-api\vendor\lcobucci\jwt\src\Signer\BaseSigner.php on line 34 {"exception":"[object] (Symfony\\Component\\Debug\\Exception\\FatalThrowableError(code: 0): Argument 2 passed to Lcobucci\\JWT\\Signer\\Hmac::createHash() must be an instance of Lcobucci\\JWT\\Signer\\Key, null given, called in E:\\IT\\B302 Projects\\cva-website-api\\vendor\\lcobucci\\jwt\\src\\Signer\\BaseSigner.php on line 34 at E:\\IT\\B302 Projects\\cva-website-api\\vendor\\lcobucci\\jwt\\src\\Signer\\Hmac.php:21)
[stacktrace]
#0 E:\\IT\\B302 Projects\\cva-website-api\\vendor\\lcobucci\\jwt\\src\\Signer\\BaseSigner.php(34): Lcobucci\\JWT\\Signer\\Hmac->createHash('eyJ0eXAiOiJKV1Q...', NULL)
#1 E:\\IT\\B302 Projects\\cva-website-api\\vendor\\lcobucci\\jwt\\src\\Builder.php(241): Lcobucci\\JWT\\Signer\\BaseSigner->sign('eyJ0eXAiOiJKV1Q...', NULL)
#2 E:\\IT\\B302 Projects\\cva-website-api\\vendor\\tymon\\jwt-auth\\src\\Providers\\JWT\\Lcobucci.php(111): Lcobucci\\JWT\\Builder->sign(Object(Lcobucci\\JWT\\Signer\\Hmac\\Sha256), NULL)
#3 E:\\IT\\B302 Projects\\cva-website-api\\vendor\\tymon\\jwt-auth\\src\\Manager.php(84): Tymon\\JWTAuth\\Providers\\JWT\\Lcobucci->encode(Array)
#4 E:\\IT\\B302 Projects\\cva-website-api\\vendor\\tymon\\jwt-auth\\src\\JWT.php(78): Tymon\\JWTAuth\\Manager->encode(Object(Tymon\\JWTAuth\\Payload))
#5 E:\\IT\\B302 Projects\\cva-website-api\\vendor\\tymon\\jwt-auth\\src\\JWT.php(90): Tymon\\JWTAuth\\JWT->fromSubject(Object(App\\User))
#6 E:\\IT\\B302 Projects\\cva-website-api\\vendor\\tymon\\jwt-auth\\src\\JWTGuard.php(142): Tymon\\JWTAuth\\JWT->fromUser(Object(App\\User))
#7 E:\\IT\\B302 Projects\\cva-website-api\\vendor\\tymon\\jwt-auth\\src\\JWTGuard.php(127): Tymon\\JWTAuth\\JWTGuard->login(Object(App\\User))
#8 E:\\IT\\B302 Projects\\cva-website-api\\vendor\\laravel\\framework\\src\\Illuminate\\Auth\\AuthManager.php(292): Tymon\\JWTAuth\\JWTGuard->attempt(Array)
#9 E:\\IT\\B302 Projects\\cva-website-api\\app\\Http\\Controllers\\AuthController.php(67): Illuminate\\Auth\\AuthManager->__call('attempt', Array)
#10 [internal function]: App\\Http\\Controllers\\AuthController->login()
#11 E:\\IT\\B302 Projects\\cva-website-api\\vendor\\laravel\\framework\\src\\Illuminate\\Routing\\Controller.php(54): call_user_func_array(Array, Array)
#12 E:\\IT\\B302 Projects\\cva-website-api\\vendor\\laravel\\framework\\src\\Illuminate\\Routing\\ControllerDispatcher.php(45): Illuminate\\Routing\\Controller->callAction('login', Array)
#13 E:\\IT\\B302 Projects\\cva-website-api\\vendor\\laravel\\framework\\src\\Illuminate\\Routing\\Route.php(219): Illuminate\\Routing\\ControllerDispatcher->dispatch(Object(Illuminate\\Routing\\Route), Object(App\\Http\\Controllers\\AuthController), 'login')
#14 E:\\IT\\B302 Projects\\cva-website-api\\vendor\\laravel\\framework\\src\\Illuminate\\Routing\\Route.php(176): Illuminate\\Routing\\Route->runController()
#15 E:\\IT\\B302 Projects\\cva-website-api\\vendor\\laravel\\framework\\src\\Illuminate\\Routing\\Router.php(682): Illuminate\\Routing\\Route->run()
#16 E:\\IT\\B302 Projects\\cva-website-api\\vendor\\laravel\\framework\\src\\Illuminate\\Routing\\Pipeline.php(30): Illuminate\\Routing\\Router->Illuminate\\Routing\\{closure}(Object(Illuminate\\Http\\Request))
#17 E:\\IT\\B302 Projects\\cva-website-api\\vendor\\laravel\\framework\\src\\Illuminate\\Routing\\Middleware\\SubstituteBindings.php(41): Illuminate\\Routing\\Pipeline->Illuminate\\Routing\\{closure}(Object(Illuminate\\Http\\Request))
#18 E:\\IT\\B302 Projects\\cva-website-api\\vendor\\laravel\\framework\\src\\Illuminate\\Pipeline\\Pipeline.php(151): Illuminate\\Routing\\Middleware\\SubstituteBindings->handle(Object(Illuminate\\Http\\Request), Object(Closure))
#19 E:\\IT\\B302 Projects\\cva-website-api\\vendor\\laravel\\framework\\src\\Illuminate\\Routing\\Pipeline.php(53): Illuminate\\Pipeline\\Pipeline->Illuminate\\Pipeline\\{closure}(Object(Illuminate\\Http\\Request))
#20 E:\\IT\\B302 Projects\\cva-website-api\\vendor\\laravel\\framework\\src\\Illuminate\\Routing\\Middleware\\ThrottleRequests.php(58): Illuminate\\Routing\\Pipeline->Illuminate\\Routing\\{closure}(Object(Illuminate\\Http\\Request))
#21 E:\\IT\\B302 Projects\\cva-website-api\\vendor\\laravel\\framework\\src\\Illuminate\\Pipeline\\Pipeline.php(151): Illuminate\\Routing\\Middleware\\ThrottleRequests->handle(Object(Illuminate\\Http\\Request), Object(Closure), 60, '1')
#22 E:\\IT\\B302 Projects\\cva-website-api\\vendor\\laravel\\framework\\src\\Illuminate\\Routing\\Pipeline.php(53): Illuminate\\Pipeline\\Pipeline->Illuminate\\Pipeline\\{closure}(Object(Illuminate\\Http\\Request))
#23 E:\\IT\\B302 Projects\\cva-website-api\\vendor\\laravel\\framework\\src\\Illuminate\\Pipeline\\Pipeline.php(104): Illuminate\\Routing\\Pipeline->Illuminate\\Routing\\{closure}(Object(Illuminate\\Http\\Request))
#24 E:\\IT\\B302 Projects\\cva-website-api\\vendor\\laravel\\framework\\src\\Illuminate\\Routing\\Router.php(684): Illuminate\\Pipeline\\Pipeline->then(Object(Closure))
#25 E:\\IT\\B302 Projects\\cva-website-api\\vendor\\laravel\\framework\\src\\Illuminate\\Routing\\Router.php(659): Illuminate\\Routing\\Router->runRouteWithinStack(Object(Illuminate\\Routing\\Route), Object(Illuminate\\Http\\Request))
#26 E:\\IT\\B302 Projects\\cva-website-api\\vendor\\laravel\\framework\\src\\Illuminate\\Routing\\Router.php(625): Illuminate\\Routing\\Router->runRoute(Object(Illuminate\\Http\\Request), Object(Illuminate\\Routing\\Route))
#27 E:\\IT\\B302 Projects\\cva-website-api\\vendor\\laravel\\framework\\src\\Illuminate\\Routing\\Router.php(614): Illuminate\\Routing\\Router->dispatchToRoute(Object(Illuminate\\Http\\Request))
#28 E:\\IT\\B302 Projects\\cva-website-api\\vendor\\laravel\\framework\\src\\Illuminate\\Foundation\\Http\\Kernel.php(176): Illuminate\\Routing\\Router->dispatch(Object(Illuminate\\Http\\Request))
#29 E:\\IT\\B302 Projects\\cva-website-api\\vendor\\laravel\\framework\\src\\Illuminate\\Routing\\Pipeline.php(30): Illuminate\\Foundation\\Http\\Kernel->Illuminate\\Foundation\\Http\\{closure}(Object(Illuminate\\Http\\Request))
#30 E:\\IT\\B302 Projects\\cva-website-api\\vendor\\barryvdh\\laravel-cors\\src\\HandleCors.php(58): Illuminate\\Routing\\Pipeline->Illuminate\\Routing\\{closure}(Object(Illuminate\\Http\\Request))
#31 E:\\IT\\B302 Projects\\cva-website-api\\vendor\\laravel\\framework\\src\\Illuminate\\Pipeline\\Pipeline.php(151): Barryvdh\\Cors\\HandleCors->handle(Object(Illuminate\\Http\\Request), Object(Closure))
#32 E:\\IT\\B302 Projects\\cva-website-api\\vendor\\laravel\\framework\\src\\Illuminate\\Routing\\Pipeline.php(53): Illuminate\\Pipeline\\Pipeline->Illuminate\\Pipeline\\{closure}(Object(Illuminate\\Http\\Request))
#33 E:\\IT\\B302 Projects\\cva-website-api\\vendor\\fideloper\\proxy\\src\\TrustProxies.php(57): Illuminate\\Routing\\Pipeline->Illuminate\\Routing\\{closure}(Object(Illuminate\\Http\\Request))
#34 E:\\IT\\B302 Projects\\cva-website-api\\vendor\\laravel\\framework\\src\\Illuminate\\Pipeline\\Pipeline.php(151): Fideloper\\Proxy\\TrustProxies->handle(Object(Illuminate\\Http\\Request), Object(Closure))
#35 E:\\IT\\B302 Projects\\cva-website-api\\vendor\\laravel\\framework\\src\\Illuminate\\Routing\\Pipeline.php(53): Illuminate\\Pipeline\\Pipeline->Illuminate\\Pipeline\\{closure}(Object(Illuminate\\Http\\Request))
#36 E:\\IT\\B302 Projects\\cva-website-api\\vendor\\laravel\\framework\\src\\Illuminate\\Foundation\\Http\\Middleware\\TransformsRequest.php(31): Illuminate\\Routing\\Pipeline->Illuminate\\Routing\\{closure}(Object(Illuminate\\Http\\Request))
#37 E:\\IT\\B302 Projects\\cva-website-api\\vendor\\laravel\\framework\\src\\Illuminate\\Pipeline\\Pipeline.php(151): Illuminate\\Foundation\\Http\\Middleware\\TransformsRequest->handle(Object(Illuminate\\Http\\Request), Object(Closure))
#38 E:\\IT\\B302 Projects\\cva-website-api\\vendor\\laravel\\framework\\src\\Illuminate\\Routing\\Pipeline.php(53): Illuminate\\Pipeline\\Pipeline->Illuminate\\Pipeline\\{closure}(Object(Illuminate\\Http\\Request))
#39 E:\\IT\\B302 Projects\\cva-website-api\\vendor\\laravel\\framework\\src\\Illuminate\\Foundation\\Http\\Middleware\\TransformsRequest.php(31): Illuminate\\Routing\\Pipeline->Illuminate\\Routing\\{closure}(Object(Illuminate\\Http\\Request))
#40 E:\\IT\\B302 Projects\\cva-website-api\\vendor\\laravel\\framework\\src\\Illuminate\\Pipeline\\Pipeline.php(151): Illuminate\\Foundation\\Http\\Middleware\\TransformsRequest->handle(Object(Illuminate\\Http\\Request), Object(Closure))
#41 E:\\IT\\B302 Projects\\cva-website-api\\vendor\\laravel\\framework\\src\\Illuminate\\Routing\\Pipeline.php(53): Illuminate\\Pipeline\\Pipeline->Illuminate\\Pipeline\\{closure}(Object(Illuminate\\Http\\Request))
#42 E:\\IT\\B302 Projects\\cva-website-api\\vendor\\laravel\\framework\\src\\Illuminate\\Foundation\\Http\\Middleware\\ValidatePostSize.php(27): Illuminate\\Routing\\Pipeline->Illuminate\\Routing\\{closure}(Object(Illuminate\\Http\\Request))
#43 E:\\IT\\B302 Projects\\cva-website-api\\vendor\\laravel\\framework\\src\\Illuminate\\Pipeline\\Pipeline.php(151): Illuminate\\Foundation\\Http\\Middleware\\ValidatePostSize->handle(Object(Illuminate\\Http\\Request), Object(Closure))
#44 E:\\IT\\B302 Projects\\cva-website-api\\vendor\\laravel\\framework\\src\\Illuminate\\Routing\\Pipeline.php(53): Illuminate\\Pipeline\\Pipeline->Illuminate\\Pipeline\\{closure}(Object(Illuminate\\Http\\Request))
#45 E:\\IT\\B302 Projects\\cva-website-api\\vendor\\laravel\\framework\\src\\Illuminate\\Foundation\\Http\\Middleware\\CheckForMaintenanceMode.php(62): Illuminate\\Routing\\Pipeline->Illuminate\\Routing\\{closure}(Object(Illuminate\\Http\\Request))
#46 E:\\IT\\B302 Projects\\cva-website-api\\vendor\\laravel\\framework\\src\\Illuminate\\Pipeline\\Pipeline.php(151): Illuminate\\Foundation\\Http\\Middleware\\CheckForMaintenanceMode->handle(Object(Illuminate\\Http\\Request), Object(Closure))
#47 E:\\IT\\B302 Projects\\cva-website-api\\vendor\\laravel\\framework\\src\\Illuminate\\Routing\\Pipeline.php(53): Illuminate\\Pipeline\\Pipeline->Illuminate\\Pipeline\\{closure}(Object(Illuminate\\Http\\Request))
#48 E:\\IT\\B302 Projects\\cva-website-api\\vendor\\laravel\\framework\\src\\Illuminate\\Pipeline\\Pipeline.php(104): Illuminate\\Routing\\Pipeline->Illuminate\\Routing\\{closure}(Object(Illuminate\\Http\\Request))
#49 E:\\IT\\B302 Projects\\cva-website-api\\vendor\\laravel\\framework\\src\\Illuminate\\Foundation\\Http\\Kernel.php(151): Illuminate\\Pipeline\\Pipeline->then(Object(Closure))
#50 E:\\IT\\B302 Projects\\cva-website-api\\vendor\\laravel\\framework\\src\\Illuminate\\Foundation\\Http\\Kernel.php(116): Illuminate\\Foundation\\Http\\Kernel->sendRequestThroughRouter(Object(Illuminate\\Http\\Request))
#51 E:\\IT\\B302 Projects\\cva-website-api\\public\\index.php(55): Illuminate\\Foundation\\Http\\Kernel->handle(Object(Illuminate\\Http\\Request))
#52 E:\\IT\\B302 Projects\\cva-website-api\\server.php(21): require_once('E:\\\\IT\\\\B302 Proj...')
#53 {main}
"} 
[2019-06-19 14:49:23] local.ERROR: Argument 2 passed to Lcobucci\JWT\Signer\Hmac::createHash() must be an instance of Lcobucci\JWT\Signer\Key, null given, called in E:\IT\B302 Projects\cva-website-api\vendor\lcobucci\jwt\src\Signer\BaseSigner.php on line 34 {"exception":"[object] (Symfony\\Component\\Debug\\Exception\\FatalThrowableError(code: 0): Argument 2 passed to Lcobucci\\JWT\\Signer\\Hmac::createHash() must be an instance of Lcobucci\\JWT\\Signer\\Key, null given, called in E:\\IT\\B302 Projects\\cva-website-api\\vendor\\lcobucci\\jwt\\src\\Signer\\BaseSigner.php on line 34 at E:\\IT\\B302 Projects\\cva-website-api\\vendor\\lcobucci\\jwt\\src\\Signer\\Hmac.php:21)
[stacktrace]
#0 E:\\IT\\B302 Projects\\cva-website-api\\vendor\\lcobucci\\jwt\\src\\Signer\\BaseSigner.php(34): Lcobucci\\JWT\\Signer\\Hmac->createHash('eyJ0eXAiOiJKV1Q...', NULL)
#1 E:\\IT\\B302 Projects\\cva-website-api\\vendor\\lcobucci\\jwt\\src\\Builder.php(241): Lcobucci\\JWT\\Signer\\BaseSigner->sign('eyJ0eXAiOiJKV1Q...', NULL)
#2 E:\\IT\\B302 Projects\\cva-website-api\\vendor\\tymon\\jwt-auth\\src\\Providers\\JWT\\Lcobucci.php(111): Lcobucci\\JWT\\Builder->sign(Object(Lcobucci\\JWT\\Signer\\Hmac\\Sha256), NULL)
#3 E:\\IT\\B302 Projects\\cva-website-api\\vendor\\tymon\\jwt-auth\\src\\Manager.php(84): Tymon\\JWTAuth\\Providers\\JWT\\Lcobucci->encode(Array)
#4 E:\\IT\\B302 Projects\\cva-website-api\\vendor\\tymon\\jwt-auth\\src\\JWT.php(78): Tymon\\JWTAuth\\Manager->encode(Object(Tymon\\JWTAuth\\Payload))
#5 E:\\IT\\B302 Projects\\cva-website-api\\vendor\\tymon\\jwt-auth\\src\\JWT.php(90): Tymon\\JWTAuth\\JWT->fromSubject(Object(App\\User))
#6 E:\\IT\\B302 Projects\\cva-website-api\\vendor\\tymon\\jwt-auth\\src\\JWTGuard.php(142): Tymon\\JWTAuth\\JWT->fromUser(Object(App\\User))
#7 E:\\IT\\B302 Projects\\cva-website-api\\vendor\\tymon\\jwt-auth\\src\\JWTGuard.php(127): Tymon\\JWTAuth\\JWTGuard->login(Object(App\\User))
#8 E:\\IT\\B302 Projects\\cva-website-api\\vendor\\laravel\\framework\\src\\Illuminate\\Auth\\AuthManager.php(292): Tymon\\JWTAuth\\JWTGuard->attempt(Array)
#9 E:\\IT\\B302 Projects\\cva-website-api\\app\\Http\\Controllers\\AuthController.php(67): Illuminate\\Auth\\AuthManager->__call('attempt', Array)
#10 [internal function]: App\\Http\\Controllers\\AuthController->login()
#11 E:\\IT\\B302 Projects\\cva-website-api\\vendor\\laravel\\framework\\src\\Illuminate\\Routing\\Controller.php(54): call_user_func_array(Array, Array)
#12 E:\\IT\\B302 Projects\\cva-website-api\\vendor\\laravel\\framework\\src\\Illuminate\\Routing\\ControllerDispatcher.php(45): Illuminate\\Routing\\Controller->callAction('login', Array)
#13 E:\\IT\\B302 Projects\\cva-website-api\\vendor\\laravel\\framework\\src\\Illuminate\\Routing\\Route.php(219): Illuminate\\Routing\\ControllerDispatcher->dispatch(Object(Illuminate\\Routing\\Route), Object(App\\Http\\Controllers\\AuthController), 'login')
#14 E:\\IT\\B302 Projects\\cva-website-api\\vendor\\laravel\\framework\\src\\Illuminate\\Routing\\Route.php(176): Illuminate\\Routing\\Route->runController()
#15 E:\\IT\\B302 Projects\\cva-website-api\\vendor\\laravel\\framework\\src\\Illuminate\\Routing\\Router.php(682): Illuminate\\Routing\\Route->run()
#16 E:\\IT\\B302 Projects\\cva-website-api\\vendor\\laravel\\framework\\src\\Illuminate\\Routing\\Pipeline.php(30): Illuminate\\Routing\\Router->Illuminate\\Routing\\{closure}(Object(Illuminate\\Http\\Request))
#17 E:\\IT\\B302 Projects\\cva-website-api\\vendor\\laravel\\framework\\src\\Illuminate\\Routing\\Middleware\\SubstituteBindings.php(41): Illuminate\\Routing\\Pipeline->Illuminate\\Routing\\{closure}(Object(Illuminate\\Http\\Request))
#18 E:\\IT\\B302 Projects\\cva-website-api\\vendor\\laravel\\framework\\src\\Illuminate\\Pipeline\\Pipeline.php(151): Illuminate\\Routing\\Middleware\\SubstituteBindings->handle(Object(Illuminate\\Http\\Request), Object(Closure))
#19 E:\\IT\\B302 Projects\\cva-website-api\\vendor\\laravel\\framework\\src\\Illuminate\\Routing\\Pipeline.php(53): Illuminate\\Pipeline\\Pipeline->Illuminate\\Pipeline\\{closure}(Object(Illuminate\\Http\\Request))
#20 E:\\IT\\B302 Projects\\cva-website-api\\vendor\\laravel\\framework\\src\\Illuminate\\Routing\\Middleware\\ThrottleRequests.php(58): Illuminate\\Routing\\Pipeline->Illuminate\\Routing\\{closure}(Object(Illuminate\\Http\\Request))
#21 E:\\IT\\B302 Projects\\cva-website-api\\vendor\\laravel\\framework\\src\\Illuminate\\Pipeline\\Pipeline.php(151): Illuminate\\Routing\\Middleware\\ThrottleRequests->handle(Object(Illuminate\\Http\\Request), Object(Closure), 60, '1')
#22 E:\\IT\\B302 Projects\\cva-website-api\\vendor\\laravel\\framework\\src\\Illuminate\\Routing\\Pipeline.php(53): Illuminate\\Pipeline\\Pipeline->Illuminate\\Pipeline\\{closure}(Object(Illuminate\\Http\\Request))
#23 E:\\IT\\B302 Projects\\cva-website-api\\vendor\\laravel\\framework\\src\\Illuminate\\Pipeline\\Pipeline.php(104): Illuminate\\Routing\\Pipeline->Illuminate\\Routing\\{closure}(Object(Illuminate\\Http\\Request))
#24 E:\\IT\\B302 Projects\\cva-website-api\\vendor\\laravel\\framework\\src\\Illuminate\\Routing\\Router.php(684): Illuminate\\Pipeline\\Pipeline->then(Object(Closure))
#25 E:\\IT\\B302 Projects\\cva-website-api\\vendor\\laravel\\framework\\src\\Illuminate\\Routing\\Router.php(659): Illuminate\\Routing\\Router->runRouteWithinStack(Object(Illuminate\\Routing\\Route), Object(Illuminate\\Http\\Request))
#26 E:\\IT\\B302 Projects\\cva-website-api\\vendor\\laravel\\framework\\src\\Illuminate\\Routing\\Router.php(625): Illuminate\\Routing\\Router->runRoute(Object(Illuminate\\Http\\Request), Object(Illuminate\\Routing\\Route))
#27 E:\\IT\\B302 Projects\\cva-website-api\\vendor\\laravel\\framework\\src\\Illuminate\\Routing\\Router.php(614): Illuminate\\Routing\\Router->dispatchToRoute(Object(Illuminate\\Http\\Request))
#28 E:\\IT\\B302 Projects\\cva-website-api\\vendor\\laravel\\framework\\src\\Illuminate\\Foundation\\Http\\Kernel.php(176): Illuminate\\Routing\\Router->dispatch(Object(Illuminate\\Http\\Request))
#29 E:\\IT\\B302 Projects\\cva-website-api\\vendor\\laravel\\framework\\src\\Illuminate\\Routing\\Pipeline.php(30): Illuminate\\Foundation\\Http\\Kernel->Illuminate\\Foundation\\Http\\{closure}(Object(Illuminate\\Http\\Request))
#30 E:\\IT\\B302 Projects\\cva-website-api\\vendor\\barryvdh\\laravel-cors\\src\\HandleCors.php(58): Illuminate\\Routing\\Pipeline->Illuminate\\Routing\\{closure}(Object(Illuminate\\Http\\Request))
#31 E:\\IT\\B302 Projects\\cva-website-api\\vendor\\laravel\\framework\\src\\Illuminate\\Pipeline\\Pipeline.php(151): Barryvdh\\Cors\\HandleCors->handle(Object(Illuminate\\Http\\Request), Object(Closure))
#32 E:\\IT\\B302 Projects\\cva-website-api\\vendor\\laravel\\framework\\src\\Illuminate\\Routing\\Pipeline.php(53): Illuminate\\Pipeline\\Pipeline->Illuminate\\Pipeline\\{closure}(Object(Illuminate\\Http\\Request))
#33 E:\\IT\\B302 Projects\\cva-website-api\\vendor\\fideloper\\proxy\\src\\TrustProxies.php(57): Illuminate\\Routing\\Pipeline->Illuminate\\Routing\\{closure}(Object(Illuminate\\Http\\Request))
#34 E:\\IT\\B302 Projects\\cva-website-api\\vendor\\laravel\\framework\\src\\Illuminate\\Pipeline\\Pipeline.php(151): Fideloper\\Proxy\\TrustProxies->handle(Object(Illuminate\\Http\\Request), Object(Closure))
#35 E:\\IT\\B302 Projects\\cva-website-api\\vendor\\laravel\\framework\\src\\Illuminate\\Routing\\Pipeline.php(53): Illuminate\\Pipeline\\Pipeline->Illuminate\\Pipeline\\{closure}(Object(Illuminate\\Http\\Request))
#36 E:\\IT\\B302 Projects\\cva-website-api\\vendor\\laravel\\framework\\src\\Illuminate\\Foundation\\Http\\Middleware\\TransformsRequest.php(31): Illuminate\\Routing\\Pipeline->Illuminate\\Routing\\{closure}(Object(Illuminate\\Http\\Request))
#37 E:\\IT\\B302 Projects\\cva-website-api\\vendor\\laravel\\framework\\src\\Illuminate\\Pipeline\\Pipeline.php(151): Illuminate\\Foundation\\Http\\Middleware\\TransformsRequest->handle(Object(Illuminate\\Http\\Request), Object(Closure))
#38 E:\\IT\\B302 Projects\\cva-website-api\\vendor\\laravel\\framework\\src\\Illuminate\\Routing\\Pipeline.php(53): Illuminate\\Pipeline\\Pipeline->Illuminate\\Pipeline\\{closure}(Object(Illuminate\\Http\\Request))
#39 E:\\IT\\B302 Projects\\cva-website-api\\vendor\\laravel\\framework\\src\\Illuminate\\Foundation\\Http\\Middleware\\TransformsRequest.php(31): Illuminate\\Routing\\Pipeline->Illuminate\\Routing\\{closure}(Object(Illuminate\\Http\\Request))
#40 E:\\IT\\B302 Projects\\cva-website-api\\vendor\\laravel\\framework\\src\\Illuminate\\Pipeline\\Pipeline.php(151): Illuminate\\Foundation\\Http\\Middleware\\TransformsRequest->handle(Object(Illuminate\\Http\\Request), Object(Closure))
#41 E:\\IT\\B302 Projects\\cva-website-api\\vendor\\laravel\\framework\\src\\Illuminate\\Routing\\Pipeline.php(53): Illuminate\\Pipeline\\Pipeline->Illuminate\\Pipeline\\{closure}(Object(Illuminate\\Http\\Request))
#42 E:\\IT\\B302 Projects\\cva-website-api\\vendor\\laravel\\framework\\src\\Illuminate\\Foundation\\Http\\Middleware\\ValidatePostSize.php(27): Illuminate\\Routing\\Pipeline->Illuminate\\Routing\\{closure}(Object(Illuminate\\Http\\Request))
#43 E:\\IT\\B302 Projects\\cva-website-api\\vendor\\laravel\\framework\\src\\Illuminate\\Pipeline\\Pipeline.php(151): Illuminate\\Foundation\\Http\\Middleware\\ValidatePostSize->handle(Object(Illuminate\\Http\\Request), Object(Closure))
#44 E:\\IT\\B302 Projects\\cva-website-api\\vendor\\laravel\\framework\\src\\Illuminate\\Routing\\Pipeline.php(53): Illuminate\\Pipeline\\Pipeline->Illuminate\\Pipeline\\{closure}(Object(Illuminate\\Http\\Request))
#45 E:\\IT\\B302 Projects\\cva-website-api\\vendor\\laravel\\framework\\src\\Illuminate\\Foundation\\Http\\Middleware\\CheckForMaintenanceMode.php(62): Illuminate\\Routing\\Pipeline->Illuminate\\Routing\\{closure}(Object(Illuminate\\Http\\Request))
#46 E:\\IT\\B302 Projects\\cva-website-api\\vendor\\laravel\\framework\\src\\Illuminate\\Pipeline\\Pipeline.php(151): Illuminate\\Foundation\\Http\\Middleware\\CheckForMaintenanceMode->handle(Object(Illuminate\\Http\\Request), Object(Closure))
#47 E:\\IT\\B302 Projects\\cva-website-api\\vendor\\laravel\\framework\\src\\Illuminate\\Routing\\Pipeline.php(53): Illuminate\\Pipeline\\Pipeline->Illuminate\\Pipeline\\{closure}(Object(Illuminate\\Http\\Request))
#48 E:\\IT\\B302 Projects\\cva-website-api\\vendor\\laravel\\framework\\src\\Illuminate\\Pipeline\\Pipeline.php(104): Illuminate\\Routing\\Pipeline->Illuminate\\Routing\\{closure}(Object(Illuminate\\Http\\Request))
#49 E:\\IT\\B302 Projects\\cva-website-api\\vendor\\laravel\\framework\\src\\Illuminate\\Foundation\\Http\\Kernel.php(151): Illuminate\\Pipeline\\Pipeline->then(Object(Closure))
#50 E:\\IT\\B302 Projects\\cva-website-api\\vendor\\laravel\\framework\\src\\Illuminate\\Foundation\\Http\\Kernel.php(116): Illuminate\\Foundation\\Http\\Kernel->sendRequestThroughRouter(Object(Illuminate\\Http\\Request))
#51 E:\\IT\\B302 Projects\\cva-website-api\\public\\index.php(55): Illuminate\\Foundation\\Http\\Kernel->handle(Object(Illuminate\\Http\\Request))
#52 E:\\IT\\B302 Projects\\cva-website-api\\server.php(21): require_once('E:\\\\IT\\\\B302 Proj...')
#53 {main}
"} 
[2019-06-19 14:49:23] local.ERROR: Argument 2 passed to Lcobucci\JWT\Signer\Hmac::createHash() must be an instance of Lcobucci\JWT\Signer\Key, null given, called in E:\IT\B302 Projects\cva-website-api\vendor\lcobucci\jwt\src\Signer\BaseSigner.php on line 34 {"exception":"[object] (Symfony\\Component\\Debug\\Exception\\FatalThrowableError(code: 0): Argument 2 passed to Lcobucci\\JWT\\Signer\\Hmac::createHash() must be an instance of Lcobucci\\JWT\\Signer\\Key, null given, called in E:\\IT\\B302 Projects\\cva-website-api\\vendor\\lcobucci\\jwt\\src\\Signer\\BaseSigner.php on line 34 at E:\\IT\\B302 Projects\\cva-website-api\\vendor\\lcobucci\\jwt\\src\\Signer\\Hmac.php:21)
[stacktrace]
#0 E:\\IT\\B302 Projects\\cva-website-api\\vendor\\lcobucci\\jwt\\src\\Signer\\BaseSigner.php(34): Lcobucci\\JWT\\Signer\\Hmac->createHash('eyJ0eXAiOiJKV1Q...', NULL)
#1 E:\\IT\\B302 Projects\\cva-website-api\\vendor\\lcobucci\\jwt\\src\\Builder.php(241): Lcobucci\\JWT\\Signer\\BaseSigner->sign('eyJ0eXAiOiJKV1Q...', NULL)
#2 E:\\IT\\B302 Projects\\cva-website-api\\vendor\\tymon\\jwt-auth\\src\\Providers\\JWT\\Lcobucci.php(111): Lcobucci\\JWT\\Builder->sign(Object(Lcobucci\\JWT\\Signer\\Hmac\\Sha256), NULL)
#3 E:\\IT\\B302 Projects\\cva-website-api\\vendor\\tymon\\jwt-auth\\src\\Manager.php(84): Tymon\\JWTAuth\\Providers\\JWT\\Lcobucci->encode(Array)
#4 E:\\IT\\B302 Projects\\cva-website-api\\vendor\\tymon\\jwt-auth\\src\\JWT.php(78): Tymon\\JWTAuth\\Manager->encode(Object(Tymon\\JWTAuth\\Payload))
#5 E:\\IT\\B302 Projects\\cva-website-api\\vendor\\tymon\\jwt-auth\\src\\JWT.php(90): Tymon\\JWTAuth\\JWT->fromSubject(Object(App\\User))
#6 E:\\IT\\B302 Projects\\cva-website-api\\vendor\\tymon\\jwt-auth\\src\\JWTGuard.php(142): Tymon\\JWTAuth\\JWT->fromUser(Object(App\\User))
#7 E:\\IT\\B302 Projects\\cva-website-api\\vendor\\tymon\\jwt-auth\\src\\JWTGuard.php(127): Tymon\\JWTAuth\\JWTGuard->login(Object(App\\User))
#8 E:\\IT\\B302 Projects\\cva-website-api\\vendor\\laravel\\framework\\src\\Illuminate\\Auth\\AuthManager.php(292): Tymon\\JWTAuth\\JWTGuard->attempt(Array)
#9 E:\\IT\\B302 Projects\\cva-website-api\\app\\Http\\Controllers\\AuthController.php(67): Illuminate\\Auth\\AuthManager->__call('attempt', Array)
#10 [internal function]: App\\Http\\Controllers\\AuthController->login()
#11 E:\\IT\\B302 Projects\\cva-website-api\\vendor\\laravel\\framework\\src\\Illuminate\\Routing\\Controller.php(54): call_user_func_array(Array, Array)
#12 E:\\IT\\B302 Projects\\cva-website-api\\vendor\\laravel\\framework\\src\\Illuminate\\Routing\\ControllerDispatcher.php(45): Illuminate\\Routing\\Controller->callAction('login', Array)
#13 E:\\IT\\B302 Projects\\cva-website-api\\vendor\\laravel\\framework\\src\\Illuminate\\Routing\\Route.php(219): Illuminate\\Routing\\ControllerDispatcher->dispatch(Object(Illuminate\\Routing\\Route), Object(App\\Http\\Controllers\\AuthController), 'login')
#14 E:\\IT\\B302 Projects\\cva-website-api\\vendor\\laravel\\framework\\src\\Illuminate\\Routing\\Route.php(176): Illuminate\\Routing\\Route->runController()
#15 E:\\IT\\B302 Projects\\cva-website-api\\vendor\\laravel\\framework\\src\\Illuminate\\Routing\\Router.php(682): Illuminate\\Routing\\Route->run()
#16 E:\\IT\\B302 Projects\\cva-website-api\\vendor\\laravel\\framework\\src\\Illuminate\\Routing\\Pipeline.php(30): Illuminate\\Routing\\Router->Illuminate\\Routing\\{closure}(Object(Illuminate\\Http\\Request))
#17 E:\\IT\\B302 Projects\\cva-website-api\\vendor\\laravel\\framework\\src\\Illuminate\\Routing\\Middleware\\SubstituteBindings.php(41): Illuminate\\Routing\\Pipeline->Illuminate\\Routing\\{closure}(Object(Illuminate\\Http\\Request))
#18 E:\\IT\\B302 Projects\\cva-website-api\\vendor\\laravel\\framework\\src\\Illuminate\\Pipeline\\Pipeline.php(151): Illuminate\\Routing\\Middleware\\SubstituteBindings->handle(Object(Illuminate\\Http\\Request), Object(Closure))
#19 E:\\IT\\B302 Projects\\cva-website-api\\vendor\\laravel\\framework\\src\\Illuminate\\Routing\\Pipeline.php(53): Illuminate\\Pipeline\\Pipeline->Illuminate\\Pipeline\\{closure}(Object(Illuminate\\Http\\Request))
#20 E:\\IT\\B302 Projects\\cva-website-api\\vendor\\laravel\\framework\\src\\Illuminate\\Routing\\Middleware\\ThrottleRequests.php(58): Illuminate\\Routing\\Pipeline->Illuminate\\Routing\\{closure}(Object(Illuminate\\Http\\Request))
#21 E:\\IT\\B302 Projects\\cva-website-api\\vendor\\laravel\\framework\\src\\Illuminate\\Pipeline\\Pipeline.php(151): Illuminate\\Routing\\Middleware\\ThrottleRequests->handle(Object(Illuminate\\Http\\Request), Object(Closure), 60, '1')
#22 E:\\IT\\B302 Projects\\cva-website-api\\vendor\\laravel\\framework\\src\\Illuminate\\Routing\\Pipeline.php(53): Illuminate\\Pipeline\\Pipeline->Illuminate\\Pipeline\\{closure}(Object(Illuminate\\Http\\Request))
#23 E:\\IT\\B302 Projects\\cva-website-api\\vendor\\laravel\\framework\\src\\Illuminate\\Pipeline\\Pipeline.php(104): Illuminate\\Routing\\Pipeline->Illuminate\\Routing\\{closure}(Object(Illuminate\\Http\\Request))
#24 E:\\IT\\B302 Projects\\cva-website-api\\vendor\\laravel\\framework\\src\\Illuminate\\Routing\\Router.php(684): Illuminate\\Pipeline\\Pipeline->then(Object(Closure))
#25 E:\\IT\\B302 Projects\\cva-website-api\\vendor\\laravel\\framework\\src\\Illuminate\\Routing\\Router.php(659): Illuminate\\Routing\\Router->runRouteWithinStack(Object(Illuminate\\Routing\\Route), Object(Illuminate\\Http\\Request))
#26 E:\\IT\\B302 Projects\\cva-website-api\\vendor\\laravel\\framework\\src\\Illuminate\\Routing\\Router.php(625): Illuminate\\Routing\\Router->runRoute(Object(Illuminate\\Http\\Request), Object(Illuminate\\Routing\\Route))
#27 E:\\IT\\B302 Projects\\cva-website-api\\vendor\\laravel\\framework\\src\\Illuminate\\Routing\\Router.php(614): Illuminate\\Routing\\Router->dispatchToRoute(Object(Illuminate\\Http\\Request))
#28 E:\\IT\\B302 Projects\\cva-website-api\\vendor\\laravel\\framework\\src\\Illuminate\\Foundation\\Http\\Kernel.php(176): Illuminate\\Routing\\Router->dispatch(Object(Illuminate\\Http\\Request))
#29 E:\\IT\\B302 Projects\\cva-website-api\\vendor\\laravel\\framework\\src\\Illuminate\\Routing\\Pipeline.php(30): Illuminate\\Foundation\\Http\\Kernel->Illuminate\\Foundation\\Http\\{closure}(Object(Illuminate\\Http\\Request))
#30 E:\\IT\\B302 Projects\\cva-website-api\\vendor\\barryvdh\\laravel-cors\\src\\HandleCors.php(58): Illuminate\\Routing\\Pipeline->Illuminate\\Routing\\{closure}(Object(Illuminate\\Http\\Request))
#31 E:\\IT\\B302 Projects\\cva-website-api\\vendor\\laravel\\framework\\src\\Illuminate\\Pipeline\\Pipeline.php(151): Barryvdh\\Cors\\HandleCors->handle(Object(Illuminate\\Http\\Request), Object(Closure))
#32 E:\\IT\\B302 Projects\\cva-website-api\\vendor\\laravel\\framework\\src\\Illuminate\\Routing\\Pipeline.php(53): Illuminate\\Pipeline\\Pipeline->Illuminate\\Pipeline\\{closure}(Object(Illuminate\\Http\\Request))
#33 E:\\IT\\B302 Projects\\cva-website-api\\vendor\\fideloper\\proxy\\src\\TrustProxies.php(57): Illuminate\\Routing\\Pipeline->Illuminate\\Routing\\{closure}(Object(Illuminate\\Http\\Request))
#34 E:\\IT\\B302 Projects\\cva-website-api\\vendor\\laravel\\framework\\src\\Illuminate\\Pipeline\\Pipeline.php(151): Fideloper\\Proxy\\TrustProxies->handle(Object(Illuminate\\Http\\Request), Object(Closure))
#35 E:\\IT\\B302 Projects\\cva-website-api\\vendor\\laravel\\framework\\src\\Illuminate\\Routing\\Pipeline.php(53): Illuminate\\Pipeline\\Pipeline->Illuminate\\Pipeline\\{closure}(Object(Illuminate\\Http\\Request))
#36 E:\\IT\\B302 Projects\\cva-website-api\\vendor\\laravel\\framework\\src\\Illuminate\\Foundation\\Http\\Middleware\\TransformsRequest.php(31): Illuminate\\Routing\\Pipeline->Illuminate\\Routing\\{closure}(Object(Illuminate\\Http\\Request))
#37 E:\\IT\\B302 Projects\\cva-website-api\\vendor\\laravel\\framework\\src\\Illuminate\\Pipeline\\Pipeline.php(151): Illuminate\\Foundation\\Http\\Middleware\\TransformsRequest->handle(Object(Illuminate\\Http\\Request), Object(Closure))
#38 E:\\IT\\B302 Projects\\cva-website-api\\vendor\\laravel\\framework\\src\\Illuminate\\Routing\\Pipeline.php(53): Illuminate\\Pipeline\\Pipeline->Illuminate\\Pipeline\\{closure}(Object(Illuminate\\Http\\Request))
#39 E:\\IT\\B302 Projects\\cva-website-api\\vendor\\laravel\\framework\\src\\Illuminate\\Foundation\\Http\\Middleware\\TransformsRequest.php(31): Illuminate\\Routing\\Pipeline->Illuminate\\Routing\\{closure}(Object(Illuminate\\Http\\Request))
#40 E:\\IT\\B302 Projects\\cva-website-api\\vendor\\laravel\\framework\\src\\Illuminate\\Pipeline\\Pipeline.php(151): Illuminate\\Foundation\\Http\\Middleware\\TransformsRequest->handle(Object(Illuminate\\Http\\Request), Object(Closure))
#41 E:\\IT\\B302 Projects\\cva-website-api\\vendor\\laravel\\framework\\src\\Illuminate\\Routing\\Pipeline.php(53): Illuminate\\Pipeline\\Pipeline->Illuminate\\Pipeline\\{closure}(Object(Illuminate\\Http\\Request))
#42 E:\\IT\\B302 Projects\\cva-website-api\\vendor\\laravel\\framework\\src\\Illuminate\\Foundation\\Http\\Middleware\\ValidatePostSize.php(27): Illuminate\\Routing\\Pipeline->Illuminate\\Routing\\{closure}(Object(Illuminate\\Http\\Request))
#43 E:\\IT\\B302 Projects\\cva-website-api\\vendor\\laravel\\framework\\src\\Illuminate\\Pipeline\\Pipeline.php(151): Illuminate\\Foundation\\Http\\Middleware\\ValidatePostSize->handle(Object(Illuminate\\Http\\Request), Object(Closure))
#44 E:\\IT\\B302 Projects\\cva-website-api\\vendor\\laravel\\framework\\src\\Illuminate\\Routing\\Pipeline.php(53): Illuminate\\Pipeline\\Pipeline->Illuminate\\Pipeline\\{closure}(Object(Illuminate\\Http\\Request))
#45 E:\\IT\\B302 Projects\\cva-website-api\\vendor\\laravel\\framework\\src\\Illuminate\\Foundation\\Http\\Middleware\\CheckForMaintenanceMode.php(62): Illuminate\\Routing\\Pipeline->Illuminate\\Routing\\{closure}(Object(Illuminate\\Http\\Request))
#46 E:\\IT\\B302 Projects\\cva-website-api\\vendor\\laravel\\framework\\src\\Illuminate\\Pipeline\\Pipeline.php(151): Illuminate\\Foundation\\Http\\Middleware\\CheckForMaintenanceMode->handle(Object(Illuminate\\Http\\Request), Object(Closure))
#47 E:\\IT\\B302 Projects\\cva-website-api\\vendor\\laravel\\framework\\src\\Illuminate\\Routing\\Pipeline.php(53): Illuminate\\Pipeline\\Pipeline->Illuminate\\Pipeline\\{closure}(Object(Illuminate\\Http\\Request))
#48 E:\\IT\\B302 Projects\\cva-website-api\\vendor\\laravel\\framework\\src\\Illuminate\\Pipeline\\Pipeline.php(104): Illuminate\\Routing\\Pipeline->Illuminate\\Routing\\{closure}(Object(Illuminate\\Http\\Request))
#49 E:\\IT\\B302 Projects\\cva-website-api\\vendor\\laravel\\framework\\src\\Illuminate\\Foundation\\Http\\Kernel.php(151): Illuminate\\Pipeline\\Pipeline->then(Object(Closure))
#50 E:\\IT\\B302 Projects\\cva-website-api\\vendor\\laravel\\framework\\src\\Illuminate\\Foundation\\Http\\Kernel.php(116): Illuminate\\Foundation\\Http\\Kernel->sendRequestThroughRouter(Object(Illuminate\\Http\\Request))
#51 E:\\IT\\B302 Projects\\cva-website-api\\public\\index.php(55): Illuminate\\Foundation\\Http\\Kernel->handle(Object(Illuminate\\Http\\Request))
#52 E:\\IT\\B302 Projects\\cva-website-api\\server.php(21): require_once('E:\\\\IT\\\\B302 Proj...')
#53 {main}
"} 
[2019-06-19 14:49:24] local.ERROR: Argument 2 passed to Lcobucci\JWT\Signer\Hmac::createHash() must be an instance of Lcobucci\JWT\Signer\Key, null given, called in E:\IT\B302 Projects\cva-website-api\vendor\lcobucci\jwt\src\Signer\BaseSigner.php on line 34 {"exception":"[object] (Symfony\\Component\\Debug\\Exception\\FatalThrowableError(code: 0): Argument 2 passed to Lcobucci\\JWT\\Signer\\Hmac::createHash() must be an instance of Lcobucci\\JWT\\Signer\\Key, null given, called in E:\\IT\\B302 Projects\\cva-website-api\\vendor\\lcobucci\\jwt\\src\\Signer\\BaseSigner.php on line 34 at E:\\IT\\B302 Projects\\cva-website-api\\vendor\\lcobucci\\jwt\\src\\Signer\\Hmac.php:21)
[stacktrace]
#0 E:\\IT\\B302 Projects\\cva-website-api\\vendor\\lcobucci\\jwt\\src\\Signer\\BaseSigner.php(34): Lcobucci\\JWT\\Signer\\Hmac->createHash('eyJ0eXAiOiJKV1Q...', NULL)
#1 E:\\IT\\B302 Projects\\cva-website-api\\vendor\\lcobucci\\jwt\\src\\Builder.php(241): Lcobucci\\JWT\\Signer\\BaseSigner->sign('eyJ0eXAiOiJKV1Q...', NULL)
#2 E:\\IT\\B302 Projects\\cva-website-api\\vendor\\tymon\\jwt-auth\\src\\Providers\\JWT\\Lcobucci.php(111): Lcobucci\\JWT\\Builder->sign(Object(Lcobucci\\JWT\\Signer\\Hmac\\Sha256), NULL)
#3 E:\\IT\\B302 Projects\\cva-website-api\\vendor\\tymon\\jwt-auth\\src\\Manager.php(84): Tymon\\JWTAuth\\Providers\\JWT\\Lcobucci->encode(Array)
#4 E:\\IT\\B302 Projects\\cva-website-api\\vendor\\tymon\\jwt-auth\\src\\JWT.php(78): Tymon\\JWTAuth\\Manager->encode(Object(Tymon\\JWTAuth\\Payload))
#5 E:\\IT\\B302 Projects\\cva-website-api\\vendor\\tymon\\jwt-auth\\src\\JWT.php(90): Tymon\\JWTAuth\\JWT->fromSubject(Object(App\\User))
#6 E:\\IT\\B302 Projects\\cva-website-api\\vendor\\tymon\\jwt-auth\\src\\JWTGuard.php(142): Tymon\\JWTAuth\\JWT->fromUser(Object(App\\User))
#7 E:\\IT\\B302 Projects\\cva-website-api\\vendor\\tymon\\jwt-auth\\src\\JWTGuard.php(127): Tymon\\JWTAuth\\JWTGuard->login(Object(App\\User))
#8 E:\\IT\\B302 Projects\\cva-website-api\\vendor\\laravel\\framework\\src\\Illuminate\\Auth\\AuthManager.php(292): Tymon\\JWTAuth\\JWTGuard->attempt(Array)
#9 E:\\IT\\B302 Projects\\cva-website-api\\app\\Http\\Controllers\\AuthController.php(67): Illuminate\\Auth\\AuthManager->__call('attempt', Array)
#10 [internal function]: App\\Http\\Controllers\\AuthController->login()
#11 E:\\IT\\B302 Projects\\cva-website-api\\vendor\\laravel\\framework\\src\\Illuminate\\Routing\\Controller.php(54): call_user_func_array(Array, Array)
#12 E:\\IT\\B302 Projects\\cva-website-api\\vendor\\laravel\\framework\\src\\Illuminate\\Routing\\ControllerDispatcher.php(45): Illuminate\\Routing\\Controller->callAction('login', Array)
#13 E:\\IT\\B302 Projects\\cva-website-api\\vendor\\laravel\\framework\\src\\Illuminate\\Routing\\Route.php(219): Illuminate\\Routing\\ControllerDispatcher->dispatch(Object(Illuminate\\Routing\\Route), Object(App\\Http\\Controllers\\AuthController), 'login')
#14 E:\\IT\\B302 Projects\\cva-website-api\\vendor\\laravel\\framework\\src\\Illuminate\\Routing\\Route.php(176): Illuminate\\Routing\\Route->runController()
#15 E:\\IT\\B302 Projects\\cva-website-api\\vendor\\laravel\\framework\\src\\Illuminate\\Routing\\Router.php(682): Illuminate\\Routing\\Route->run()
#16 E:\\IT\\B302 Projects\\cva-website-api\\vendor\\laravel\\framework\\src\\Illuminate\\Routing\\Pipeline.php(30): Illuminate\\Routing\\Router->Illuminate\\Routing\\{closure}(Object(Illuminate\\Http\\Request))
#17 E:\\IT\\B302 Projects\\cva-website-api\\vendor\\laravel\\framework\\src\\Illuminate\\Routing\\Middleware\\SubstituteBindings.php(41): Illuminate\\Routing\\Pipeline->Illuminate\\Routing\\{closure}(Object(Illuminate\\Http\\Request))
#18 E:\\IT\\B302 Projects\\cva-website-api\\vendor\\laravel\\framework\\src\\Illuminate\\Pipeline\\Pipeline.php(151): Illuminate\\Routing\\Middleware\\SubstituteBindings->handle(Object(Illuminate\\Http\\Request), Object(Closure))
#19 E:\\IT\\B302 Projects\\cva-website-api\\vendor\\laravel\\framework\\src\\Illuminate\\Routing\\Pipeline.php(53): Illuminate\\Pipeline\\Pipeline->Illuminate\\Pipeline\\{closure}(Object(Illuminate\\Http\\Request))
#20 E:\\IT\\B302 Projects\\cva-website-api\\vendor\\laravel\\framework\\src\\Illuminate\\Routing\\Middleware\\ThrottleRequests.php(58): Illuminate\\Routing\\Pipeline->Illuminate\\Routing\\{closure}(Object(Illuminate\\Http\\Request))
#21 E:\\IT\\B302 Projects\\cva-website-api\\vendor\\laravel\\framework\\src\\Illuminate\\Pipeline\\Pipeline.php(151): Illuminate\\Routing\\Middleware\\ThrottleRequests->handle(Object(Illuminate\\Http\\Request), Object(Closure), 60, '1')
#22 E:\\IT\\B302 Projects\\cva-website-api\\vendor\\laravel\\framework\\src\\Illuminate\\Routing\\Pipeline.php(53): Illuminate\\Pipeline\\Pipeline->Illuminate\\Pipeline\\{closure}(Object(Illuminate\\Http\\Request))
#23 E:\\IT\\B302 Projects\\cva-website-api\\vendor\\laravel\\framework\\src\\Illuminate\\Pipeline\\Pipeline.php(104): Illuminate\\Routing\\Pipeline->Illuminate\\Routing\\{closure}(Object(Illuminate\\Http\\Request))
#24 E:\\IT\\B302 Projects\\cva-website-api\\vendor\\laravel\\framework\\src\\Illuminate\\Routing\\Router.php(684): Illuminate\\Pipeline\\Pipeline->then(Object(Closure))
#25 E:\\IT\\B302 Projects\\cva-website-api\\vendor\\laravel\\framework\\src\\Illuminate\\Routing\\Router.php(659): Illuminate\\Routing\\Router->runRouteWithinStack(Object(Illuminate\\Routing\\Route), Object(Illuminate\\Http\\Request))
#26 E:\\IT\\B302 Projects\\cva-website-api\\vendor\\laravel\\framework\\src\\Illuminate\\Routing\\Router.php(625): Illuminate\\Routing\\Router->runRoute(Object(Illuminate\\Http\\Request), Object(Illuminate\\Routing\\Route))
#27 E:\\IT\\B302 Projects\\cva-website-api\\vendor\\laravel\\framework\\src\\Illuminate\\Routing\\Router.php(614): Illuminate\\Routing\\Router->dispatchToRoute(Object(Illuminate\\Http\\Request))
#28 E:\\IT\\B302 Projects\\cva-website-api\\vendor\\laravel\\framework\\src\\Illuminate\\Foundation\\Http\\Kernel.php(176): Illuminate\\Routing\\Router->dispatch(Object(Illuminate\\Http\\Request))
#29 E:\\IT\\B302 Projects\\cva-website-api\\vendor\\laravel\\framework\\src\\Illuminate\\Routing\\Pipeline.php(30): Illuminate\\Foundation\\Http\\Kernel->Illuminate\\Foundation\\Http\\{closure}(Object(Illuminate\\Http\\Request))
#30 E:\\IT\\B302 Projects\\cva-website-api\\vendor\\barryvdh\\laravel-cors\\src\\HandleCors.php(58): Illuminate\\Routing\\Pipeline->Illuminate\\Routing\\{closure}(Object(Illuminate\\Http\\Request))
#31 E:\\IT\\B302 Projects\\cva-website-api\\vendor\\laravel\\framework\\src\\Illuminate\\Pipeline\\Pipeline.php(151): Barryvdh\\Cors\\HandleCors->handle(Object(Illuminate\\Http\\Request), Object(Closure))
#32 E:\\IT\\B302 Projects\\cva-website-api\\vendor\\laravel\\framework\\src\\Illuminate\\Routing\\Pipeline.php(53): Illuminate\\Pipeline\\Pipeline->Illuminate\\Pipeline\\{closure}(Object(Illuminate\\Http\\Request))
#33 E:\\IT\\B302 Projects\\cva-website-api\\vendor\\fideloper\\proxy\\src\\TrustProxies.php(57): Illuminate\\Routing\\Pipeline->Illuminate\\Routing\\{closure}(Object(Illuminate\\Http\\Request))
#34 E:\\IT\\B302 Projects\\cva-website-api\\vendor\\laravel\\framework\\src\\Illuminate\\Pipeline\\Pipeline.php(151): Fideloper\\Proxy\\TrustProxies->handle(Object(Illuminate\\Http\\Request), Object(Closure))
#35 E:\\IT\\B302 Projects\\cva-website-api\\vendor\\laravel\\framework\\src\\Illuminate\\Routing\\Pipeline.php(53): Illuminate\\Pipeline\\Pipeline->Illuminate\\Pipeline\\{closure}(Object(Illuminate\\Http\\Request))
#36 E:\\IT\\B302 Projects\\cva-website-api\\vendor\\laravel\\framework\\src\\Illuminate\\Foundation\\Http\\Middleware\\TransformsRequest.php(31): Illuminate\\Routing\\Pipeline->Illuminate\\Routing\\{closure}(Object(Illuminate\\Http\\Request))
#37 E:\\IT\\B302 Projects\\cva-website-api\\vendor\\laravel\\framework\\src\\Illuminate\\Pipeline\\Pipeline.php(151): Illuminate\\Foundation\\Http\\Middleware\\TransformsRequest->handle(Object(Illuminate\\Http\\Request), Object(Closure))
#38 E:\\IT\\B302 Projects\\cva-website-api\\vendor\\laravel\\framework\\src\\Illuminate\\Routing\\Pipeline.php(53): Illuminate\\Pipeline\\Pipeline->Illuminate\\Pipeline\\{closure}(Object(Illuminate\\Http\\Request))
#39 E:\\IT\\B302 Projects\\cva-website-api\\vendor\\laravel\\framework\\src\\Illuminate\\Foundation\\Http\\Middleware\\TransformsRequest.php(31): Illuminate\\Routing\\Pipeline->Illuminate\\Routing\\{closure}(Object(Illuminate\\Http\\Request))
#40 E:\\IT\\B302 Projects\\cva-website-api\\vendor\\laravel\\framework\\src\\Illuminate\\Pipeline\\Pipeline.php(151): Illuminate\\Foundation\\Http\\Middleware\\TransformsRequest->handle(Object(Illuminate\\Http\\Request), Object(Closure))
#41 E:\\IT\\B302 Projects\\cva-website-api\\vendor\\laravel\\framework\\src\\Illuminate\\Routing\\Pipeline.php(53): Illuminate\\Pipeline\\Pipeline->Illuminate\\Pipeline\\{closure}(Object(Illuminate\\Http\\Request))
#42 E:\\IT\\B302 Projects\\cva-website-api\\vendor\\laravel\\framework\\src\\Illuminate\\Foundation\\Http\\Middleware\\ValidatePostSize.php(27): Illuminate\\Routing\\Pipeline->Illuminate\\Routing\\{closure}(Object(Illuminate\\Http\\Request))
#43 E:\\IT\\B302 Projects\\cva-website-api\\vendor\\laravel\\framework\\src\\Illuminate\\Pipeline\\Pipeline.php(151): Illuminate\\Foundation\\Http\\Middleware\\ValidatePostSize->handle(Object(Illuminate\\Http\\Request), Object(Closure))
#44 E:\\IT\\B302 Projects\\cva-website-api\\vendor\\laravel\\framework\\src\\Illuminate\\Routing\\Pipeline.php(53): Illuminate\\Pipeline\\Pipeline->Illuminate\\Pipeline\\{closure}(Object(Illuminate\\Http\\Request))
#45 E:\\IT\\B302 Projects\\cva-website-api\\vendor\\laravel\\framework\\src\\Illuminate\\Foundation\\Http\\Middleware\\CheckForMaintenanceMode.php(62): Illuminate\\Routing\\Pipeline->Illuminate\\Routing\\{closure}(Object(Illuminate\\Http\\Request))
#46 E:\\IT\\B302 Projects\\cva-website-api\\vendor\\laravel\\framework\\src\\Illuminate\\Pipeline\\Pipeline.php(151): Illuminate\\Foundation\\Http\\Middleware\\CheckForMaintenanceMode->handle(Object(Illuminate\\Http\\Request), Object(Closure))
#47 E:\\IT\\B302 Projects\\cva-website-api\\vendor\\laravel\\framework\\src\\Illuminate\\Routing\\Pipeline.php(53): Illuminate\\Pipeline\\Pipeline->Illuminate\\Pipeline\\{closure}(Object(Illuminate\\Http\\Request))
#48 E:\\IT\\B302 Projects\\cva-website-api\\vendor\\laravel\\framework\\src\\Illuminate\\Pipeline\\Pipeline.php(104): Illuminate\\Routing\\Pipeline->Illuminate\\Routing\\{closure}(Object(Illuminate\\Http\\Request))
#49 E:\\IT\\B302 Projects\\cva-website-api\\vendor\\laravel\\framework\\src\\Illuminate\\Foundation\\Http\\Kernel.php(151): Illuminate\\Pipeline\\Pipeline->then(Object(Closure))
#50 E:\\IT\\B302 Projects\\cva-website-api\\vendor\\laravel\\framework\\src\\Illuminate\\Foundation\\Http\\Kernel.php(116): Illuminate\\Foundation\\Http\\Kernel->sendRequestThroughRouter(Object(Illuminate\\Http\\Request))
#51 E:\\IT\\B302 Projects\\cva-website-api\\public\\index.php(55): Illuminate\\Foundation\\Http\\Kernel->handle(Object(Illuminate\\Http\\Request))
#52 E:\\IT\\B302 Projects\\cva-website-api\\server.php(21): require_once('E:\\\\IT\\\\B302 Proj...')
#53 {main}
"} 
[2019-06-19 14:49:24] local.ERROR: Argument 2 passed to Lcobucci\JWT\Signer\Hmac::createHash() must be an instance of Lcobucci\JWT\Signer\Key, null given, called in E:\IT\B302 Projects\cva-website-api\vendor\lcobucci\jwt\src\Signer\BaseSigner.php on line 34 {"exception":"[object] (Symfony\\Component\\Debug\\Exception\\FatalThrowableError(code: 0): Argument 2 passed to Lcobucci\\JWT\\Signer\\Hmac::createHash() must be an instance of Lcobucci\\JWT\\Signer\\Key, null given, called in E:\\IT\\B302 Projects\\cva-website-api\\vendor\\lcobucci\\jwt\\src\\Signer\\BaseSigner.php on line 34 at E:\\IT\\B302 Projects\\cva-website-api\\vendor\\lcobucci\\jwt\\src\\Signer\\Hmac.php:21)
[stacktrace]
#0 E:\\IT\\B302 Projects\\cva-website-api\\vendor\\lcobucci\\jwt\\src\\Signer\\BaseSigner.php(34): Lcobucci\\JWT\\Signer\\Hmac->createHash('eyJ0eXAiOiJKV1Q...', NULL)
#1 E:\\IT\\B302 Projects\\cva-website-api\\vendor\\lcobucci\\jwt\\src\\Builder.php(241): Lcobucci\\JWT\\Signer\\BaseSigner->sign('eyJ0eXAiOiJKV1Q...', NULL)
#2 E:\\IT\\B302 Projects\\cva-website-api\\vendor\\tymon\\jwt-auth\\src\\Providers\\JWT\\Lcobucci.php(111): Lcobucci\\JWT\\Builder->sign(Object(Lcobucci\\JWT\\Signer\\Hmac\\Sha256), NULL)
#3 E:\\IT\\B302 Projects\\cva-website-api\\vendor\\tymon\\jwt-auth\\src\\Manager.php(84): Tymon\\JWTAuth\\Providers\\JWT\\Lcobucci->encode(Array)
#4 E:\\IT\\B302 Projects\\cva-website-api\\vendor\\tymon\\jwt-auth\\src\\JWT.php(78): Tymon\\JWTAuth\\Manager->encode(Object(Tymon\\JWTAuth\\Payload))
#5 E:\\IT\\B302 Projects\\cva-website-api\\vendor\\tymon\\jwt-auth\\src\\JWT.php(90): Tymon\\JWTAuth\\JWT->fromSubject(Object(App\\User))
#6 E:\\IT\\B302 Projects\\cva-website-api\\vendor\\tymon\\jwt-auth\\src\\JWTGuard.php(142): Tymon\\JWTAuth\\JWT->fromUser(Object(App\\User))
#7 E:\\IT\\B302 Projects\\cva-website-api\\vendor\\tymon\\jwt-auth\\src\\JWTGuard.php(127): Tymon\\JWTAuth\\JWTGuard->login(Object(App\\User))
#8 E:\\IT\\B302 Projects\\cva-website-api\\vendor\\laravel\\framework\\src\\Illuminate\\Auth\\AuthManager.php(292): Tymon\\JWTAuth\\JWTGuard->attempt(Array)
#9 E:\\IT\\B302 Projects\\cva-website-api\\app\\Http\\Controllers\\AuthController.php(67): Illuminate\\Auth\\AuthManager->__call('attempt', Array)
#10 [internal function]: App\\Http\\Controllers\\AuthController->login()
#11 E:\\IT\\B302 Projects\\cva-website-api\\vendor\\laravel\\framework\\src\\Illuminate\\Routing\\Controller.php(54): call_user_func_array(Array, Array)
#12 E:\\IT\\B302 Projects\\cva-website-api\\vendor\\laravel\\framework\\src\\Illuminate\\Routing\\ControllerDispatcher.php(45): Illuminate\\Routing\\Controller->callAction('login', Array)
#13 E:\\IT\\B302 Projects\\cva-website-api\\vendor\\laravel\\framework\\src\\Illuminate\\Routing\\Route.php(219): Illuminate\\Routing\\ControllerDispatcher->dispatch(Object(Illuminate\\Routing\\Route), Object(App\\Http\\Controllers\\AuthController), 'login')
#14 E:\\IT\\B302 Projects\\cva-website-api\\vendor\\laravel\\framework\\src\\Illuminate\\Routing\\Route.php(176): Illuminate\\Routing\\Route->runController()
#15 E:\\IT\\B302 Projects\\cva-website-api\\vendor\\laravel\\framework\\src\\Illuminate\\Routing\\Router.php(682): Illuminate\\Routing\\Route->run()
#16 E:\\IT\\B302 Projects\\cva-website-api\\vendor\\laravel\\framework\\src\\Illuminate\\Routing\\Pipeline.php(30): Illuminate\\Routing\\Router->Illuminate\\Routing\\{closure}(Object(Illuminate\\Http\\Request))
#17 E:\\IT\\B302 Projects\\cva-website-api\\vendor\\laravel\\framework\\src\\Illuminate\\Routing\\Middleware\\SubstituteBindings.php(41): Illuminate\\Routing\\Pipeline->Illuminate\\Routing\\{closure}(Object(Illuminate\\Http\\Request))
#18 E:\\IT\\B302 Projects\\cva-website-api\\vendor\\laravel\\framework\\src\\Illuminate\\Pipeline\\Pipeline.php(151): Illuminate\\Routing\\Middleware\\SubstituteBindings->handle(Object(Illuminate\\Http\\Request), Object(Closure))
#19 E:\\IT\\B302 Projects\\cva-website-api\\vendor\\laravel\\framework\\src\\Illuminate\\Routing\\Pipeline.php(53): Illuminate\\Pipeline\\Pipeline->Illuminate\\Pipeline\\{closure}(Object(Illuminate\\Http\\Request))
#20 E:\\IT\\B302 Projects\\cva-website-api\\vendor\\laravel\\framework\\src\\Illuminate\\Routing\\Middleware\\ThrottleRequests.php(58): Illuminate\\Routing\\Pipeline->Illuminate\\Routing\\{closure}(Object(Illuminate\\Http\\Request))
#21 E:\\IT\\B302 Projects\\cva-website-api\\vendor\\laravel\\framework\\src\\Illuminate\\Pipeline\\Pipeline.php(151): Illuminate\\Routing\\Middleware\\ThrottleRequests->handle(Object(Illuminate\\Http\\Request), Object(Closure), 60, '1')
#22 E:\\IT\\B302 Projects\\cva-website-api\\vendor\\laravel\\framework\\src\\Illuminate\\Routing\\Pipeline.php(53): Illuminate\\Pipeline\\Pipeline->Illuminate\\Pipeline\\{closure}(Object(Illuminate\\Http\\Request))
#23 E:\\IT\\B302 Projects\\cva-website-api\\vendor\\laravel\\framework\\src\\Illuminate\\Pipeline\\Pipeline.php(104): Illuminate\\Routing\\Pipeline->Illuminate\\Routing\\{closure}(Object(Illuminate\\Http\\Request))
#24 E:\\IT\\B302 Projects\\cva-website-api\\vendor\\laravel\\framework\\src\\Illuminate\\Routing\\Router.php(684): Illuminate\\Pipeline\\Pipeline->then(Object(Closure))
#25 E:\\IT\\B302 Projects\\cva-website-api\\vendor\\laravel\\framework\\src\\Illuminate\\Routing\\Router.php(659): Illuminate\\Routing\\Router->runRouteWithinStack(Object(Illuminate\\Routing\\Route), Object(Illuminate\\Http\\Request))
#26 E:\\IT\\B302 Projects\\cva-website-api\\vendor\\laravel\\framework\\src\\Illuminate\\Routing\\Router.php(625): Illuminate\\Routing\\Router->runRoute(Object(Illuminate\\Http\\Request), Object(Illuminate\\Routing\\Route))
#27 E:\\IT\\B302 Projects\\cva-website-api\\vendor\\laravel\\framework\\src\\Illuminate\\Routing\\Router.php(614): Illuminate\\Routing\\Router->dispatchToRoute(Object(Illuminate\\Http\\Request))
#28 E:\\IT\\B302 Projects\\cva-website-api\\vendor\\laravel\\framework\\src\\Illuminate\\Foundation\\Http\\Kernel.php(176): Illuminate\\Routing\\Router->dispatch(Object(Illuminate\\Http\\Request))
#29 E:\\IT\\B302 Projects\\cva-website-api\\vendor\\laravel\\framework\\src\\Illuminate\\Routing\\Pipeline.php(30): Illuminate\\Foundation\\Http\\Kernel->Illuminate\\Foundation\\Http\\{closure}(Object(Illuminate\\Http\\Request))
#30 E:\\IT\\B302 Projects\\cva-website-api\\vendor\\barryvdh\\laravel-cors\\src\\HandleCors.php(58): Illuminate\\Routing\\Pipeline->Illuminate\\Routing\\{closure}(Object(Illuminate\\Http\\Request))
#31 E:\\IT\\B302 Projects\\cva-website-api\\vendor\\laravel\\framework\\src\\Illuminate\\Pipeline\\Pipeline.php(151): Barryvdh\\Cors\\HandleCors->handle(Object(Illuminate\\Http\\Request), Object(Closure))
#32 E:\\IT\\B302 Projects\\cva-website-api\\vendor\\laravel\\framework\\src\\Illuminate\\Routing\\Pipeline.php(53): Illuminate\\Pipeline\\Pipeline->Illuminate\\Pipeline\\{closure}(Object(Illuminate\\Http\\Request))
#33 E:\\IT\\B302 Projects\\cva-website-api\\vendor\\fideloper\\proxy\\src\\TrustProxies.php(57): Illuminate\\Routing\\Pipeline->Illuminate\\Routing\\{closure}(Object(Illuminate\\Http\\Request))
#34 E:\\IT\\B302 Projects\\cva-website-api\\vendor\\laravel\\framework\\src\\Illuminate\\Pipeline\\Pipeline.php(151): Fideloper\\Proxy\\TrustProxies->handle(Object(Illuminate\\Http\\Request), Object(Closure))
#35 E:\\IT\\B302 Projects\\cva-website-api\\vendor\\laravel\\framework\\src\\Illuminate\\Routing\\Pipeline.php(53): Illuminate\\Pipeline\\Pipeline->Illuminate\\Pipeline\\{closure}(Object(Illuminate\\Http\\Request))
#36 E:\\IT\\B302 Projects\\cva-website-api\\vendor\\laravel\\framework\\src\\Illuminate\\Foundation\\Http\\Middleware\\TransformsRequest.php(31): Illuminate\\Routing\\Pipeline->Illuminate\\Routing\\{closure}(Object(Illuminate\\Http\\Request))
#37 E:\\IT\\B302 Projects\\cva-website-api\\vendor\\laravel\\framework\\src\\Illuminate\\Pipeline\\Pipeline.php(151): Illuminate\\Foundation\\Http\\Middleware\\TransformsRequest->handle(Object(Illuminate\\Http\\Request), Object(Closure))
#38 E:\\IT\\B302 Projects\\cva-website-api\\vendor\\laravel\\framework\\src\\Illuminate\\Routing\\Pipeline.php(53): Illuminate\\Pipeline\\Pipeline->Illuminate\\Pipeline\\{closure}(Object(Illuminate\\Http\\Request))
#39 E:\\IT\\B302 Projects\\cva-website-api\\vendor\\laravel\\framework\\src\\Illuminate\\Foundation\\Http\\Middleware\\TransformsRequest.php(31): Illuminate\\Routing\\Pipeline->Illuminate\\Routing\\{closure}(Object(Illuminate\\Http\\Request))
#40 E:\\IT\\B302 Projects\\cva-website-api\\vendor\\laravel\\framework\\src\\Illuminate\\Pipeline\\Pipeline.php(151): Illuminate\\Foundation\\Http\\Middleware\\TransformsRequest->handle(Object(Illuminate\\Http\\Request), Object(Closure))
#41 E:\\IT\\B302 Projects\\cva-website-api\\vendor\\laravel\\framework\\src\\Illuminate\\Routing\\Pipeline.php(53): Illuminate\\Pipeline\\Pipeline->Illuminate\\Pipeline\\{closure}(Object(Illuminate\\Http\\Request))
#42 E:\\IT\\B302 Projects\\cva-website-api\\vendor\\laravel\\framework\\src\\Illuminate\\Foundation\\Http\\Middleware\\ValidatePostSize.php(27): Illuminate\\Routing\\Pipeline->Illuminate\\Routing\\{closure}(Object(Illuminate\\Http\\Request))
#43 E:\\IT\\B302 Projects\\cva-website-api\\vendor\\laravel\\framework\\src\\Illuminate\\Pipeline\\Pipeline.php(151): Illuminate\\Foundation\\Http\\Middleware\\ValidatePostSize->handle(Object(Illuminate\\Http\\Request), Object(Closure))
#44 E:\\IT\\B302 Projects\\cva-website-api\\vendor\\laravel\\framework\\src\\Illuminate\\Routing\\Pipeline.php(53): Illuminate\\Pipeline\\Pipeline->Illuminate\\Pipeline\\{closure}(Object(Illuminate\\Http\\Request))
#45 E:\\IT\\B302 Projects\\cva-website-api\\vendor\\laravel\\framework\\src\\Illuminate\\Foundation\\Http\\Middleware\\CheckForMaintenanceMode.php(62): Illuminate\\Routing\\Pipeline->Illuminate\\Routing\\{closure}(Object(Illuminate\\Http\\Request))
#46 E:\\IT\\B302 Projects\\cva-website-api\\vendor\\laravel\\framework\\src\\Illuminate\\Pipeline\\Pipeline.php(151): Illuminate\\Foundation\\Http\\Middleware\\CheckForMaintenanceMode->handle(Object(Illuminate\\Http\\Request), Object(Closure))
#47 E:\\IT\\B302 Projects\\cva-website-api\\vendor\\laravel\\framework\\src\\Illuminate\\Routing\\Pipeline.php(53): Illuminate\\Pipeline\\Pipeline->Illuminate\\Pipeline\\{closure}(Object(Illuminate\\Http\\Request))
#48 E:\\IT\\B302 Projects\\cva-website-api\\vendor\\laravel\\framework\\src\\Illuminate\\Pipeline\\Pipeline.php(104): Illuminate\\Routing\\Pipeline->Illuminate\\Routing\\{closure}(Object(Illuminate\\Http\\Request))
#49 E:\\IT\\B302 Projects\\cva-website-api\\vendor\\laravel\\framework\\src\\Illuminate\\Foundation\\Http\\Kernel.php(151): Illuminate\\Pipeline\\Pipeline->then(Object(Closure))
#50 E:\\IT\\B302 Projects\\cva-website-api\\vendor\\laravel\\framework\\src\\Illuminate\\Foundation\\Http\\Kernel.php(116): Illuminate\\Foundation\\Http\\Kernel->sendRequestThroughRouter(Object(Illuminate\\Http\\Request))
#51 E:\\IT\\B302 Projects\\cva-website-api\\public\\index.php(55): Illuminate\\Foundation\\Http\\Kernel->handle(Object(Illuminate\\Http\\Request))
#52 E:\\IT\\B302 Projects\\cva-website-api\\server.php(21): require_once('E:\\\\IT\\\\B302 Proj...')
#53 {main}
"} 
